#
# There is insufficient memory for the Java Runtime Environment to continue.
# Native memory allocation (malloc) failed to allocate 1021696 bytes for Chunk::new
# Possible reasons:
#   The system is out of physical RAM or swap space
#   The process is running with CompressedOops enabled, and the Java Heap may be blocking the growth of the native heap
# Possible solutions:
#   Reduce memory load on the system
#   Increase physical memory or swap space
#   Check if swap backing store is full
#   Decrease Java heap size (-Xmx/-Xms)
#   Decrease number of Java threads
#   Decrease Java thread stack sizes (-Xss)
#   Set larger code cache with -XX:ReservedCodeCacheSize=
#   JVM is running with Unscaled Compressed Oops mode in which the Java heap is
#     placed in the first 4GB address space. The Java Heap base address is the
#     maximum limit for the native heap growth. Please use -XX:HeapBaseMinAddress
#     to set the Java Heap base and to place the Java Heap above 4GB virtual address.
# This output file may be truncated or incomplete.
#
#  Out of Memory Error (allocation.cpp:389), pid=9396, tid=0x00000000000029d8
#
# JRE version: OpenJDK Runtime Environment (8.0_242-b01) (build 1.8.0_242-release-1644-b01)
# Java VM: OpenJDK 64-Bit Server VM (25.242-b01 mixed mode windows-amd64 compressed oops)
# Failed to write core dump. Minidumps are not enabled by default on client versions of Windows
#

---------------  T H R E A D  ---------------

Current thread (0x0000000016d21800):  JavaThread "C2 CompilerThread0" daemon [_thread_in_native, id=10712, stack(0x0000000017d50000,0x0000000017e50000)]

Stack: [0x0000000017d50000,0x0000000017e50000]
[error occurred during error reporting (printing stack bounds), id 0xc0000005]

Native frames: (J=compiled Java code, j=interpreted, Vv=VM code, C=native code)


Current CompileTask:
C2:  22708 4799       4       com.sun.beans.TypeResolver::resolve (37 bytes)


---------------  P R O C E S S  ---------------

Java Threads: ( => current thread )
  0x0000000018dc5000 JavaThread "Cache worker for Build Output Cleanup Cache (D:\Kuliah\SKRIPSI\2022\Shinta\SIG_BencanaAlam\.gradle\buildOutputCleanup)" [_thread_blocked, id=8176, stack(0x0000000025140000,0x0000000025240000)]
  0x0000000018dc3800 JavaThread "jar transforms Thread 94" [_thread_blocked, id=7344, stack(0x0000000024e40000,0x0000000024f40000)]
  0x0000000018dbc000 JavaThread "jar transforms Thread 93" [_thread_blocked, id=13300, stack(0x0000000024d40000,0x0000000024e40000)]
  0x0000000018dc2000 JavaThread "jar transforms Thread 92" [_thread_blocked, id=11384, stack(0x0000000024c40000,0x0000000024d40000)]
  0x0000000018dc3000 JavaThread "jar transforms Thread 91" [_thread_blocked, id=3280, stack(0x0000000024b40000,0x0000000024c40000)]
  0x0000000018dc1800 JavaThread "jar transforms Thread 90" [_thread_blocked, id=4940, stack(0x0000000024a40000,0x0000000024b40000)]
  0x0000000018dc0800 JavaThread "jar transforms Thread 89" [_thread_blocked, id=11904, stack(0x0000000024940000,0x0000000024a40000)]
  0x0000000018db9000 JavaThread "jar transforms Thread 88" [_thread_blocked, id=9692, stack(0x0000000024840000,0x0000000024940000)]
  0x0000000018dbe800 JavaThread "jar transforms Thread 87" [_thread_blocked, id=3704, stack(0x0000000024740000,0x0000000024840000)]
  0x0000000018dbb800 JavaThread "jar transforms Thread 86" [_thread_blocked, id=12372, stack(0x0000000024640000,0x0000000024740000)]
  0x0000000018dbd800 JavaThread "jar transforms Thread 85" [_thread_blocked, id=9288, stack(0x0000000024540000,0x0000000024640000)]
  0x0000000018dc0000 JavaThread "jar transforms Thread 84" [_thread_blocked, id=8588, stack(0x0000000024440000,0x0000000024540000)]
  0x0000000018dba800 JavaThread "jar transforms Thread 83" [_thread_blocked, id=1028, stack(0x0000000024340000,0x0000000024440000)]
  0x0000000018dba000 JavaThread "jar transforms Thread 82" [_thread_blocked, id=4660, stack(0x0000000024240000,0x0000000024340000)]
  0x0000000018db8800 JavaThread "jar transforms Thread 81" [_thread_blocked, id=10108, stack(0x0000000024140000,0x0000000024240000)]
  0x0000000018dbf000 JavaThread "jar transforms Thread 80" [_thread_blocked, id=11548, stack(0x0000000024040000,0x0000000024140000)]
  0x000000001ba63800 JavaThread "jar transforms Thread 79" [_thread_blocked, id=13216, stack(0x0000000023f40000,0x0000000024040000)]
  0x000000001ba63000 JavaThread "jar transforms Thread 78" [_thread_blocked, id=2156, stack(0x0000000023e40000,0x0000000023f40000)]
  0x000000001ba62000 JavaThread "jar transforms Thread 77" [_thread_blocked, id=12324, stack(0x0000000023d40000,0x0000000023e40000)]
  0x000000001ba60800 JavaThread "jar transforms Thread 76" [_thread_blocked, id=10940, stack(0x0000000023c40000,0x0000000023d40000)]
  0x000000001ba60000 JavaThread "jar transforms Thread 75" [_thread_blocked, id=13096, stack(0x0000000023b40000,0x0000000023c40000)]
  0x000000001ba64800 JavaThread "jar transforms Thread 74" [_thread_blocked, id=3324, stack(0x0000000023a40000,0x0000000023b40000)]
  0x000000001ba65000 JavaThread "jar transforms Thread 73" [_thread_blocked, id=9880, stack(0x0000000023940000,0x0000000023a40000)]
  0x000000001ba61800 JavaThread "jar transforms Thread 72" [_thread_blocked, id=10604, stack(0x0000000023840000,0x0000000023940000)]
  0x000000001ba58000 JavaThread "jar transforms Thread 71" [_thread_blocked, id=11836, stack(0x0000000023740000,0x0000000023840000)]
  0x000000001ba5e800 JavaThread "jar transforms Thread 70" [_thread_blocked, id=11060, stack(0x0000000023640000,0x0000000023740000)]
  0x000000001ba59800 JavaThread "jar transforms Thread 69" [_thread_blocked, id=12100, stack(0x0000000023540000,0x0000000023640000)]
  0x000000001ba5d000 JavaThread "jar transforms Thread 68" [_thread_blocked, id=11468, stack(0x0000000023440000,0x0000000023540000)]
  0x000000001ba5d800 JavaThread "jar transforms Thread 67" [_thread_blocked, id=10364, stack(0x0000000023340000,0x0000000023440000)]
  0x000000001ba5a800 JavaThread "jar transforms Thread 66" [_thread_blocked, id=5508, stack(0x0000000023240000,0x0000000023340000)]
  0x000000001ba5f000 JavaThread "jar transforms Thread 65" [_thread_blocked, id=1356, stack(0x0000000023140000,0x0000000023240000)]
  0x000000001ba56800 JavaThread "jar transforms Thread 64" [_thread_blocked, id=4072, stack(0x0000000023040000,0x0000000023140000)]
  0x000000001ba59000 JavaThread "jar transforms Thread 63" [_thread_blocked, id=11908, stack(0x0000000022f40000,0x0000000023040000)]
  0x000000001ba5b800 JavaThread "jar transforms Thread 62" [_thread_blocked, id=11016, stack(0x0000000022e40000,0x0000000022f40000)]
  0x000000001ba56000 JavaThread "jar transforms Thread 61" [_thread_blocked, id=7164, stack(0x0000000022d40000,0x0000000022e40000)]
  0x000000001ba57800 JavaThread "jar transforms Thread 60" [_thread_blocked, id=11832, stack(0x0000000022c40000,0x0000000022d40000)]
  0x000000001ba5c000 JavaThread "jar transforms Thread 59" [_thread_blocked, id=6484, stack(0x0000000022b40000,0x0000000022c40000)]
  0x0000000018438000 JavaThread "jar transforms Thread 58" [_thread_blocked, id=2012, stack(0x0000000022a40000,0x0000000022b40000)]
  0x0000000018436000 JavaThread "jar transforms Thread 57" [_thread_blocked, id=1304, stack(0x0000000022940000,0x0000000022a40000)]
  0x0000000018435000 JavaThread "jar transforms Thread 56" [_thread_blocked, id=2540, stack(0x0000000022840000,0x0000000022940000)]
  0x0000000018434800 JavaThread "jar transforms Thread 55" [_thread_blocked, id=3552, stack(0x0000000022740000,0x0000000022840000)]
  0x0000000018433800 JavaThread "jar transforms Thread 54" [_thread_blocked, id=10580, stack(0x0000000022640000,0x0000000022740000)]
  0x0000000018430800 JavaThread "jar transforms Thread 53" [_thread_blocked, id=1340, stack(0x0000000022540000,0x0000000022640000)]
  0x0000000018436800 JavaThread "jar transforms Thread 52" [_thread_blocked, id=5728, stack(0x0000000022440000,0x0000000022540000)]
  0x0000000018437800 JavaThread "jar transforms Thread 51" [_thread_blocked, id=12360, stack(0x0000000022340000,0x0000000022440000)]
  0x000000001842c000 JavaThread "jar transforms Thread 50" [_thread_blocked, id=10632, stack(0x0000000022240000,0x0000000022340000)]
  0x0000000018433000 JavaThread "jar transforms Thread 49" [_thread_blocked, id=9380, stack(0x0000000022140000,0x0000000022240000)]
  0x000000001842b000 JavaThread "jar transforms Thread 48" [_thread_blocked, id=7588, stack(0x0000000022040000,0x0000000022140000)]
  0x000000001842c800 JavaThread "jar transforms Thread 47" [_thread_blocked, id=9760, stack(0x0000000021f40000,0x0000000022040000)]
  0x000000001842f000 JavaThread "jar transforms Thread 46" [_thread_blocked, id=12520, stack(0x0000000021e40000,0x0000000021f40000)]
  0x0000000018432000 JavaThread "jar transforms Thread 45" [_thread_blocked, id=7312, stack(0x0000000021d40000,0x0000000021e40000)]
  0x000000001842e800 JavaThread "jar transforms Thread 44" [_thread_blocked, id=10692, stack(0x0000000021c40000,0x0000000021d40000)]
  0x0000000018431800 JavaThread "jar transforms Thread 43" [_thread_blocked, id=5952, stack(0x0000000021b40000,0x0000000021c40000)]
  0x0000000018430000 JavaThread "jar transforms Thread 42" [_thread_blocked, id=12348, stack(0x0000000021a40000,0x0000000021b40000)]
  0x000000001842d800 JavaThread "jar transforms Thread 41" [_thread_blocked, id=7000, stack(0x0000000021940000,0x0000000021a40000)]
  0x0000000018429000 JavaThread "jar transforms Thread 40" [_thread_blocked, id=11744, stack(0x0000000021840000,0x0000000021940000)]
  0x000000001842a800 JavaThread "jar transforms Thread 39" [_thread_blocked, id=11436, stack(0x0000000021740000,0x0000000021840000)]
  0x0000000018429800 JavaThread "jar transforms Thread 38" [_thread_blocked, id=8952, stack(0x0000000021640000,0x0000000021740000)]
  0x000000001bd3c000 JavaThread "jar transforms Thread 37" [_thread_blocked, id=10324, stack(0x0000000021540000,0x0000000021640000)]
  0x000000001bd34800 JavaThread "jar transforms Thread 36" [_thread_blocked, id=13200, stack(0x0000000021440000,0x0000000021540000)]
  0x000000001bd3a800 JavaThread "jar transforms Thread 35" [_thread_blocked, id=12604, stack(0x0000000021340000,0x0000000021440000)]
  0x000000001bd35800 JavaThread "jar transforms Thread 34" [_thread_blocked, id=8520, stack(0x0000000021240000,0x0000000021340000)]
  0x000000001bd3b800 JavaThread "jar transforms Thread 33" [_thread_blocked, id=10828, stack(0x0000000021140000,0x0000000021240000)]
  0x000000001bd3a000 JavaThread "jar transforms Thread 32" [_thread_blocked, id=2848, stack(0x0000000021040000,0x0000000021140000)]
  0x000000001bd39000 JavaThread "jar transforms Thread 31" [_thread_blocked, id=11048, stack(0x0000000020f40000,0x0000000021040000)]
  0x000000001bd38800 JavaThread "jar transforms Thread 30" [_thread_blocked, id=8516, stack(0x0000000020e40000,0x0000000020f40000)]
  0x000000001bd37000 JavaThread "jar transforms Thread 29" [_thread_blocked, id=3576, stack(0x0000000020d40000,0x0000000020e40000)]
  0x000000001bd37800 JavaThread "jar transforms Thread 28" [_thread_blocked, id=5184, stack(0x0000000020c40000,0x0000000020d40000)]
  0x000000001bd30000 JavaThread "jar transforms Thread 27" [_thread_blocked, id=9472, stack(0x0000000020b40000,0x0000000020c40000)]
  0x000000001bd33000 JavaThread "jar transforms Thread 26" [_thread_blocked, id=11704, stack(0x0000000020a40000,0x0000000020b40000)]
  0x000000001bd36000 JavaThread "jar transforms Thread 25" [_thread_blocked, id=12556, stack(0x0000000020940000,0x0000000020a40000)]
  0x000000001bd32800 JavaThread "jar transforms Thread 24" [_thread_blocked, id=9912, stack(0x0000000020840000,0x0000000020940000)]
  0x000000001bd2d000 JavaThread "jar transforms Thread 23" [_thread_blocked, id=1708, stack(0x0000000020740000,0x0000000020840000)]
  0x000000001bd34000 JavaThread "jar transforms Thread 22" [_thread_blocked, id=9492, stack(0x0000000020540000,0x0000000020640000)]
  0x000000001bd2f800 JavaThread "jar transforms Thread 21" [_thread_blocked, id=9520, stack(0x0000000020440000,0x0000000020540000)]
  0x000000001bd31800 JavaThread "jar transforms Thread 20" [_thread_blocked, id=11720, stack(0x0000000020340000,0x0000000020440000)]
  0x000000001bd2e800 JavaThread "jar transforms Thread 19" [_thread_blocked, id=12988, stack(0x0000000020240000,0x0000000020340000)]
  0x000000001bd2e000 JavaThread "jar transforms Thread 18" [_thread_blocked, id=10456, stack(0x0000000020140000,0x0000000020240000)]
  0x000000001bd31000 JavaThread "jar transforms Thread 17" [_thread_blocked, id=11328, stack(0x0000000020040000,0x0000000020140000)]
  0x0000000018318000 JavaThread "jar transforms Thread 16" [_thread_blocked, id=5140, stack(0x000000001ff40000,0x0000000020040000)]
  0x0000000018316800 JavaThread "jar transforms Thread 15" [_thread_blocked, id=13252, stack(0x000000001fe40000,0x000000001ff40000)]
  0x0000000018315800 JavaThread "jar transforms Thread 14" [_thread_blocked, id=12688, stack(0x000000001fd40000,0x000000001fe40000)]
  0x0000000018317000 JavaThread "jar transforms Thread 13" [_thread_blocked, id=12724, stack(0x000000001fc40000,0x000000001fd40000)]
  0x000000001830e000 JavaThread "jar transforms Thread 12" [_thread_blocked, id=10316, stack(0x000000001fb40000,0x000000001fc40000)]
  0x0000000018315000 JavaThread "jar transforms Thread 11" [_thread_blocked, id=10672, stack(0x000000001fa40000,0x000000001fb40000)]
  0x0000000018314000 JavaThread "jar transforms Thread 10" [_thread_blocked, id=11772, stack(0x000000001f940000,0x000000001fa40000)]
  0x0000000018313800 JavaThread "jar transforms Thread 9" [_thread_blocked, id=2412, stack(0x000000001f840000,0x000000001f940000)]
  0x000000001830c000 JavaThread "jar transforms Thread 8" [_thread_blocked, id=6200, stack(0x000000001f740000,0x000000001f840000)]
  0x0000000018311000 JavaThread "jar transforms Thread 7" [_thread_blocked, id=6596, stack(0x000000001f640000,0x000000001f740000)]
  0x0000000018310800 JavaThread "jar transforms Thread 6" [_thread_blocked, id=3804, stack(0x000000001f540000,0x000000001f640000)]
  0x0000000018312800 JavaThread "jar transforms Thread 5" [_thread_blocked, id=2812, stack(0x000000001f440000,0x000000001f540000)]
  0x0000000018312000 JavaThread "jar transforms Thread 4" [_thread_blocked, id=12244, stack(0x000000001f340000,0x000000001f440000)]
  0x0000000018309000 JavaThread "jar transforms Thread 3" [_thread_blocked, id=12296, stack(0x000000001f240000,0x000000001f340000)]
  0x000000001830f000 JavaThread "jar transforms Thread 2" [_thread_blocked, id=12616, stack(0x000000001f140000,0x000000001f240000)]
  0x000000001830b000 JavaThread "Build operations Thread 2" [_thread_blocked, id=12476, stack(0x000000001f040000,0x000000001f140000)]
  0x0000000018309800 JavaThread "Build operations" [_thread_blocked, id=9160, stack(0x000000001ef40000,0x000000001f040000)]
  0x00000000183b4000 JavaThread "Cache worker for file content cache (C:\Users\LENOVO\.gradle\caches\6.5\fileContent)" [_thread_blocked, id=12364, stack(0x000000001e840000,0x000000001e940000)]
  0x00000000183b3000 JavaThread "jar transforms" [_thread_blocked, id=3828, stack(0x000000001e740000,0x000000001e840000)]
  0x00000000183b4800 JavaThread "Cache worker for execution history cache (C:\Users\LENOVO\.gradle\caches\6.5\executionHistory)" [_thread_blocked, id=10156, stack(0x000000001e040000,0x000000001e140000)]
  0x00000000183b5800 JavaThread "Cache worker for cache directory md-rule (C:\Users\LENOVO\.gradle\caches\6.5\md-rule)" [_thread_blocked, id=2448, stack(0x000000001df40000,0x000000001e040000)]
  0x00000000183b7000 JavaThread "Cache worker for cache directory md-supplier (C:\Users\LENOVO\.gradle\caches\6.5\md-supplier)" [_thread_blocked, id=12240, stack(0x000000001de40000,0x000000001df40000)]
  0x00000000183b1800 JavaThread "Cache worker for checksums cache (D:\Kuliah\SKRIPSI\2022\Shinta\SIG_BencanaAlam\.gradle\checksums)" [_thread_blocked, id=12628, stack(0x000000001dd40000,0x000000001de40000)]
  0x00000000183b8800 JavaThread "Cache worker for file hash cache (D:\Kuliah\SKRIPSI\2022\Shinta\SIG_BencanaAlam\.gradle\6.5\fileHashes)" [_thread_blocked, id=1252, stack(0x000000001da40000,0x000000001db40000)]
  0x00000000183b6000 JavaThread "Cache worker for file hash cache (C:\Users\LENOVO\.gradle\caches\6.5\fileHashes)" [_thread_blocked, id=12052, stack(0x000000001c570000,0x000000001c670000)]
  0x00000000183b7800 JavaThread "File lock request listener" [_thread_in_native, id=8332, stack(0x000000001c470000,0x000000001c570000)]
  0x0000000018226800 JavaThread "Cache worker for journal cache (C:\Users\LENOVO\.gradle\caches\journal-1)" [_thread_blocked, id=12900, stack(0x000000001c370000,0x000000001c470000)]
  0x0000000018d0c000 JavaThread "Thread-9" [_thread_blocked, id=1352, stack(0x000000001b0a0000,0x000000001b1a0000)]
  0x00000000189eb800 JavaThread "Stdin handler" [_thread_blocked, id=11068, stack(0x000000001afa0000,0x000000001b0a0000)]
  0x00000000189eb000 JavaThread "Asynchronous log dispatcher for DefaultDaemonConnection: socket connection from /127.0.0.1:49430 to /127.0.0.1:49431" [_thread_blocked, id=1472, stack(0x000000001aea0000,0x000000001afa0000)]
  0x0000000019bc1800 JavaThread "Daemon worker" [_thread_in_vm, id=10744, stack(0x000000001ada0000,0x000000001aea0000)]
  0x00000000189ef800 JavaThread "Cancel handler" [_thread_blocked, id=9080, stack(0x000000001aca0000,0x000000001ada0000)]
  0x000000001934e800 JavaThread "Handler for socket connection from /127.0.0.1:49430 to /127.0.0.1:49431" [_thread_in_native, id=11284, stack(0x000000001aba0000,0x000000001aca0000)]
  0x0000000018a00800 JavaThread "Daemon" [_thread_blocked, id=6832, stack(0x000000001aaa0000,0x000000001aba0000)]
  0x00000000189ff800 JavaThread "Daemon periodic checks" [_thread_blocked, id=12168, stack(0x000000001a9a0000,0x000000001aaa0000)]
  0x0000000019b65800 JavaThread "Incoming local TCP Connector on port 49430" [_thread_in_native, id=3668, stack(0x000000001a560000,0x000000001a660000)]
  0x0000000019a95000 JavaThread "Daemon health stats" [_thread_blocked, id=11508, stack(0x0000000019f20000,0x000000001a020000)]
  0x0000000016d2f000 JavaThread "Service Thread" daemon [_thread_blocked, id=6508, stack(0x0000000017f50000,0x0000000018050000)]
  0x0000000016d26800 JavaThread "C1 CompilerThread1" daemon [_thread_blocked, id=10904, stack(0x0000000017e50000,0x0000000017f50000)]
=>0x0000000016d21800 JavaThread "C2 CompilerThread0" daemon [_thread_in_native, id=10712, stack(0x0000000017d50000,0x0000000017e50000)]
  0x0000000016d1d800 JavaThread "Attach Listener" daemon [_thread_blocked, id=6668, stack(0x0000000017c50000,0x0000000017d50000)]
  0x0000000016d1a000 JavaThread "Signal Dispatcher" daemon [_thread_blocked, id=9292, stack(0x0000000017b50000,0x0000000017c50000)]
  0x0000000002306000 JavaThread "Finalizer" daemon [_thread_blocked, id=10496, stack(0x0000000017950000,0x0000000017a50000)]
  0x0000000016d07000 JavaThread "Reference Handler" daemon [_thread_blocked, id=11816, stack(0x0000000017850000,0x0000000017950000)]
  0x0000000001fdd800 JavaThread "main" [_thread_blocked, id=11648, stack(0x0000000002110000,0x0000000002210000)]

Other Threads:
  0x0000000016ce4800 VMThread [stack: 0x0000000017750000,0x0000000017850000] [id=2424]
  0x0000000016d33800 WatcherThread [stack: 0x0000000018050000,0x0000000018150000] [id=2580]

VM state:not at safepoint (normal execution)

VM Mutex/Monitor currently owned by a thread: None

heap address: 0x0000000080000000, size: 2048 MB, Compressed Oops mode: 32-bit
Narrow klass base: 0x0000000000000000, Narrow klass shift: 3
Compressed class space size: 1073741824 Address: 0x0000000100000000

Heap:
 PSYoungGen      total 124416K, used 91279K [0x00000000d5580000, 0x00000000de280000, 0x0000000100000000)
  eden space 115200K, 71% used [0x00000000d5580000,0x00000000da5a4a78,0x00000000dc600000)
  from space 9216K, 99% used [0x00000000dd300000,0x00000000ddbff300,0x00000000ddc00000)
  to   space 13312K, 0% used [0x00000000dc600000,0x00000000dc600000,0x00000000dd300000)
 ParOldGen       total 52736K, used 22476K [0x0000000080000000, 0x0000000083380000, 0x00000000d5580000)
  object space 52736K, 42% used [0x0000000080000000,0x00000000815f3018,0x0000000083380000)
 Metaspace       used 52371K, capacity 54394K, committed 54568K, reserved 1095680K
  class space    used 6980K, capacity 7411K, committed 7472K, reserved 1048576K

Card table byte_map: [0x00000000116d0000,0x0000000011ae0000] byte_map_base: 0x00000000112d0000

Marking Bits: (ParMarkBitMap*) 0x000000005d17f030
 Begin Bits: [0x0000000011f90000, 0x0000000013f90000)
 End Bits:   [0x0000000013f90000, 0x0000000015f90000)

Polling page: 0x0000000001f80000

CodeCache: size=245760Kb used=15446Kb max_used=15446Kb free=230313Kb
 bounds [0x0000000002310000, 0x0000000003230000, 0x0000000011310000]
 total_blobs=5294 nmethods=4533 adapters=675
 compilation: enabled

Compilation events (10 events):
Event: 22.568 Thread 0x0000000016d26800 4859       1       org.gradle.internal.reflect.MutableClassDetails::getInstanceFields (5 bytes)
Event: 22.568 Thread 0x0000000016d26800 nmethod 4859 0x00000000032299d0 code [0x0000000003229b20, 0x0000000003229c30]
Event: 22.568 Thread 0x0000000016d26800 4860       3       org.gradle.internal.instantiation.generator.AbstractClassGenerator$ExtensibleTypePropertyHandler::applyTo (228 bytes)
Event: 22.570 Thread 0x0000000016d26800 nmethod 4860 0x0000000003229c90 code [0x000000000322a000, 0x000000000322bd48]
Event: 22.594 Thread 0x0000000016d26800 4862       3       org.gradle.internal.instantiation.generator.AsmBackedClassGenerator$ClassBuilderImpl$$Lambda$38/1411676890::<init> (26 bytes)
Event: 22.594 Thread 0x0000000016d26800 nmethod 4862 0x000000000322cb10 code [0x000000000322cc60, 0x000000000322ce70]
Event: 22.594 Thread 0x0000000016d26800 4863       3       org.gradle.internal.instantiation.generator.AsmBackedClassGenerator$ClassBuilderImpl::lambda$addLazyGetter$5 (131 bytes)
Event: 22.595 Thread 0x0000000016d26800 nmethod 4863 0x000000000322cf50 code [0x000000000322d1e0, 0x000000000322e2b8]
Event: 22.596 Thread 0x0000000016d26800 4864       3       java.lang.reflect.Executable::getDeclaredAnnotations (8 bytes)
Event: 22.596 Thread 0x0000000016d26800 nmethod 4864 0x000000000322e890 code [0x000000000322ea20, 0x000000000322ee88]

GC Heap History (10 events):
Event: 12.996 GC heap before
{Heap before GC invocations=12 (full 1):
 PSYoungGen      total 75776K, used 75483K [0x00000000d5580000, 0x00000000db180000, 0x0000000100000000)
  eden space 69632K, 100% used [0x00000000d5580000,0x00000000d9980000,0x00000000d9980000)
  from space 6144K, 95% used [0x00000000dab80000,0x00000000db136d40,0x00000000db180000)
  to   space 6656K, 0% used [0x00000000da480000,0x00000000da480000,0x00000000dab00000)
 ParOldGen       total 36352K, used 11892K [0x0000000080000000, 0x0000000082380000, 0x00000000d5580000)
  object space 36352K, 32% used [0x0000000080000000,0x0000000080b9d248,0x0000000082380000)
 Metaspace       used 32638K, capacity 33668K, committed 33968K, reserved 1079296K
  class space    used 4441K, capacity 4686K, committed 4784K, reserved 1048576K
Event: 13.024 GC heap after
Heap after GC invocations=12 (full 1):
 PSYoungGen      total 87552K, used 6643K [0x00000000d5580000, 0x00000000dc300000, 0x0000000100000000)
  eden space 80896K, 0% used [0x00000000d5580000,0x00000000d5580000,0x00000000da480000)
  from space 6656K, 99% used [0x00000000da480000,0x00000000daafce30,0x00000000dab00000)
  to   space 8704K, 0% used [0x00000000dba80000,0x00000000dba80000,0x00000000dc300000)
 ParOldGen       total 36352K, used 14860K [0x0000000080000000, 0x0000000082380000, 0x00000000d5580000)
  object space 36352K, 40% used [0x0000000080000000,0x0000000080e83168,0x0000000082380000)
 Metaspace       used 32638K, capacity 33668K, committed 33968K, reserved 1079296K
  class space    used 4441K, capacity 4686K, committed 4784K, reserved 1048576K
}
Event: 13.726 GC heap before
{Heap before GC invocations=13 (full 1):
 PSYoungGen      total 87552K, used 41304K [0x00000000d5580000, 0x00000000dc300000, 0x0000000100000000)
  eden space 80896K, 42% used [0x00000000d5580000,0x00000000d7759218,0x00000000da480000)
  from space 6656K, 99% used [0x00000000da480000,0x00000000daafce30,0x00000000dab00000)
  to   space 8704K, 0% used [0x00000000dba80000,0x00000000dba80000,0x00000000dc300000)
 ParOldGen       total 36352K, used 14860K [0x0000000080000000, 0x0000000082380000, 0x00000000d5580000)
  object space 36352K, 40% used [0x0000000080000000,0x0000000080e83168,0x0000000082380000)
 Metaspace       used 34243K, capacity 35412K, committed 35496K, reserved 1079296K
  class space    used 4708K, capacity 5001K, committed 5040K, reserved 1048576K
Event: 13.742 GC heap after
Heap after GC invocations=13 (full 1):
 PSYoungGen      total 103424K, used 2503K [0x00000000d5580000, 0x00000000dd400000, 0x0000000100000000)
  eden space 94720K, 0% used [0x00000000d5580000,0x00000000d5580000,0x00000000db200000)
  from space 8704K, 28% used [0x00000000dba80000,0x00000000dbcf1c18,0x00000000dc300000)
  to   space 8704K, 0% used [0x00000000db200000,0x00000000db200000,0x00000000dba80000)
 ParOldGen       total 36352K, used 18779K [0x0000000080000000, 0x0000000082380000, 0x00000000d5580000)
  object space 36352K, 51% used [0x0000000080000000,0x0000000081256dd8,0x0000000082380000)
 Metaspace       used 34243K, capacity 35412K, committed 35496K, reserved 1079296K
  class space    used 4708K, capacity 5001K, committed 5040K, reserved 1048576K
}
Event: 13.742 GC heap before
{Heap before GC invocations=14 (full 2):
 PSYoungGen      total 103424K, used 2503K [0x00000000d5580000, 0x00000000dd400000, 0x0000000100000000)
  eden space 94720K, 0% used [0x00000000d5580000,0x00000000d5580000,0x00000000db200000)
  from space 8704K, 28% used [0x00000000dba80000,0x00000000dbcf1c18,0x00000000dc300000)
  to   space 8704K, 0% used [0x00000000db200000,0x00000000db200000,0x00000000dba80000)
 ParOldGen       total 36352K, used 18779K [0x0000000080000000, 0x0000000082380000, 0x00000000d5580000)
  object space 36352K, 51% used [0x0000000080000000,0x0000000081256dd8,0x0000000082380000)
 Metaspace       used 34243K, capacity 35412K, committed 35496K, reserved 1079296K
  class space    used 4708K, capacity 5001K, committed 5040K, reserved 1048576K
Event: 13.895 GC heap after
Heap after GC invocations=14 (full 2):
 PSYoungGen      total 103424K, used 0K [0x00000000d5580000, 0x00000000dd400000, 0x0000000100000000)
  eden space 94720K, 0% used [0x00000000d5580000,0x00000000d5580000,0x00000000db200000)
  from space 8704K, 0% used [0x00000000dba80000,0x00000000dba80000,0x00000000dc300000)
  to   space 8704K, 0% used [0x00000000db200000,0x00000000db200000,0x00000000dba80000)
 ParOldGen       total 52736K, used 14579K [0x0000000080000000, 0x0000000083380000, 0x00000000d5580000)
  object space 52736K, 27% used [0x0000000080000000,0x0000000080e3ce68,0x0000000083380000)
 Metaspace       used 34243K, capacity 35412K, committed 35496K, reserved 1079296K
  class space    used 4708K, capacity 5001K, committed 5040K, reserved 1048576K
}
Event: 16.405 GC heap before
{Heap before GC invocations=15 (full 2):
 PSYoungGen      total 103424K, used 94720K [0x00000000d5580000, 0x00000000dd400000, 0x0000000100000000)
  eden space 94720K, 100% used [0x00000000d5580000,0x00000000db200000,0x00000000db200000)
  from space 8704K, 0% used [0x00000000dba80000,0x00000000dba80000,0x00000000dc300000)
  to   space 8704K, 0% used [0x00000000db200000,0x00000000db200000,0x00000000dba80000)
 ParOldGen       total 52736K, used 14579K [0x0000000080000000, 0x0000000083380000, 0x00000000d5580000)
  object space 52736K, 27% used [0x0000000080000000,0x0000000080e3ce68,0x0000000083380000)
 Metaspace       used 36836K, capacity 38334K, committed 38440K, reserved 1083392K
  class space    used 5056K, capacity 5360K, committed 5424K, reserved 1048576K
Event: 16.449 GC heap after
Heap after GC invocations=15 (full 2):
 PSYoungGen      total 103424K, used 7327K [0x00000000d5580000, 0x00000000ddc00000, 0x0000000100000000)
  eden space 94720K, 0% used [0x00000000d5580000,0x00000000d5580000,0x00000000db200000)
  from space 8704K, 84% used [0x00000000db200000,0x00000000db927fe8,0x00000000dba80000)
  to   space 9216K, 0% used [0x00000000dd300000,0x00000000dd300000,0x00000000ddc00000)
 ParOldGen       total 52736K, used 14587K [0x0000000080000000, 0x0000000083380000, 0x00000000d5580000)
  object space 52736K, 27% used [0x0000000080000000,0x0000000080e3ee68,0x0000000083380000)
 Metaspace       used 36836K, capacity 38334K, committed 38440K, reserved 1083392K
  class space    used 5056K, capacity 5360K, committed 5424K, reserved 1048576K
}
Event: 20.317 GC heap before
{Heap before GC invocations=16 (full 2):
 PSYoungGen      total 103424K, used 102047K [0x00000000d5580000, 0x00000000ddc00000, 0x0000000100000000)
  eden space 94720K, 100% used [0x00000000d5580000,0x00000000db200000,0x00000000db200000)
  from space 8704K, 84% used [0x00000000db200000,0x00000000db927fe8,0x00000000dba80000)
  to   space 9216K, 0% used [0x00000000dd300000,0x00000000dd300000,0x00000000ddc00000)
 ParOldGen       total 52736K, used 14587K [0x0000000080000000, 0x0000000083380000, 0x00000000d5580000)
  object space 52736K, 27% used [0x0000000080000000,0x0000000080e3ee68,0x0000000083380000)
 Metaspace       used 46607K, capacity 48412K, committed 48680K, reserved 1091584K
  class space    used 6284K, capacity 6676K, committed 6704K, reserved 1048576K
Event: 20.353 GC heap after
Heap after GC invocations=16 (full 2):
 PSYoungGen      total 124416K, used 9212K [0x00000000d5580000, 0x00000000de280000, 0x0000000100000000)
  eden space 115200K, 0% used [0x00000000d5580000,0x00000000d5580000,0x00000000dc600000)
  from space 9216K, 99% used [0x00000000dd300000,0x00000000ddbff300,0x00000000ddc00000)
  to   space 13312K, 0% used [0x00000000dc600000,0x00000000dc600000,0x00000000dd300000)
 ParOldGen       total 52736K, used 22476K [0x0000000080000000, 0x0000000083380000, 0x00000000d5580000)
  object space 52736K, 42% used [0x0000000080000000,0x00000000815f3018,0x0000000083380000)
 Metaspace       used 46607K, capacity 48412K, committed 48680K, reserved 1091584K
  class space    used 6284K, capacity 6676K, committed 6704K, reserved 1048576K
}

Deoptimization events (10 events):
Event: 21.551 Thread 0x0000000019bc1800 Uncommon trap: reason=unstable_if action=reinterpret pc=0x0000000002f7021c method=org.gradle.internal.instantiation.generator.AbstractClassGenerator$InjectionAnnotationValidator.validateMethod(Ljava/lang/reflect/Method;Lorg/gradle/internal/reflect/Propert
Event: 21.551 Thread 0x0000000019bc1800 Uncommon trap: reason=unstable_if action=reinterpret pc=0x0000000002f8fedc method=org.gradle.internal.instantiation.generator.AbstractClassGenerator$InjectionAnnotationValidator.validateMethod(Ljava/lang/reflect/Method;Lorg/gradle/internal/reflect/Propert
Event: 21.654 Thread 0x0000000019bc1800 Uncommon trap: reason=unstable_if action=reinterpret pc=0x0000000002c2c54c method=org.codehaus.groovy.runtime.metaclass.MetaMethodIndex.isNonRealMethod(Lgroovy/lang/MetaMethod;)Z @ 4
Event: 21.654 Thread 0x0000000019bc1800 Uncommon trap: reason=unstable_if action=reinterpret pc=0x0000000002ee97dc method=groovy.lang.MetaClassImpl$1MOPIter.methodNameAction(Ljava/lang/Class;Lorg/codehaus/groovy/runtime/metaclass/MetaMethodIndex$Entry;)V @ 182
Event: 21.693 Thread 0x0000000019bc1800 Uncommon trap: reason=class_check action=maybe_recompile pc=0x0000000002a555b8 method=java.util.WeakHashMap.eq(Ljava/lang/Object;Ljava/lang/Object;)Z @ 7
Event: 21.698 Thread 0x0000000019bc1800 Uncommon trap: reason=unstable_if action=reinterpret pc=0x0000000003027528 method=java.lang.ClassLoader.checkCerts(Ljava/lang/String;Ljava/security/CodeSource;)V @ 29
Event: 21.698 Thread 0x0000000019bc1800 Uncommon trap: reason=unstable_if action=reinterpret pc=0x00000000030d073c method=java.lang.ClassLoader.defineClassSourceLocation(Ljava/security/ProtectionDomain;)Ljava/lang/String; @ 8
Event: 21.748 Thread 0x0000000019bc1800 Uncommon trap: reason=class_check action=maybe_recompile pc=0x0000000002a555b8 method=java.util.WeakHashMap.eq(Ljava/lang/Object;Ljava/lang/Object;)Z @ 7
Event: 21.752 Thread 0x0000000019bc1800 Uncommon trap: reason=class_check action=maybe_recompile pc=0x0000000002a555b8 method=java.util.WeakHashMap.eq(Ljava/lang/Object;Ljava/lang/Object;)Z @ 7
Event: 22.071 Thread 0x0000000019bc1800 Uncommon trap: reason=null_check action=make_not_entrant pc=0x00000000024b24e4 method=java.lang.Class.searchMethods([Ljava/lang/reflect/Method;Ljava/lang/String;[Ljava/lang/Class;)Ljava/lang/reflect/Method; @ 59

Classes redefined (0 events):
No events

Internal exceptions (10 events):
Event: 22.190 Thread 0x0000000019bc1800 Exception <a 'java/lang/ClassNotFoundException': build_pjla43lekwu4dn9hqewkvvaa$_run_closure1$_closure4BeanInfo> (0x00000000d9765078) thrown at [C:\src\AOSP-openjdk-git\hotspot\src\share\vm\classfile\systemDictionary.cpp, line 210]
Event: 22.193 Thread 0x0000000019bc1800 Exception <a 'java/lang/ClassNotFoundException': build_pjla43lekwu4dn9hqewkvvaa$_run_closure1$_closure4Customizer> (0x00000000d9776bb0) thrown at [C:\src\AOSP-openjdk-git\hotspot\src\share\vm\classfile\systemDictionary.cpp, line 210]
Event: 22.195 Thread 0x0000000019bc1800 Exception <a 'java/lang/ClassNotFoundException': build_pjla43lekwu4dn9hqewkvvaa$_run_closure1BeanInfo> (0x00000000d97a80d8) thrown at [C:\src\AOSP-openjdk-git\hotspot\src\share\vm\classfile\systemDictionary.cpp, line 210]
Event: 22.196 Thread 0x0000000019bc1800 Exception <a 'java/lang/ClassNotFoundException': build_pjla43lekwu4dn9hqewkvvaa$_run_closure1Customizer> (0x00000000d97b8e70) thrown at [C:\src\AOSP-openjdk-git\hotspot\src\share\vm\classfile\systemDictionary.cpp, line 210]
Event: 22.203 Thread 0x0000000019bc1800 Exception <a 'java/lang/ClassNotFoundException': org/gradle/api/JavaVersionBeanInfo> (0x00000000d981d320) thrown at [C:\src\AOSP-openjdk-git\hotspot\src\share\vm\classfile\systemDictionary.cpp, line 210]
Event: 22.206 Thread 0x0000000019bc1800 Exception <a 'java/lang/ClassNotFoundException': org/gradle/api/JavaVersionCustomizer> (0x00000000d984adc0) thrown at [C:\src\AOSP-openjdk-git\hotspot\src\share\vm\classfile\systemDictionary.cpp, line 210]
Event: 22.213 Thread 0x0000000019bc1800 Exception <a 'java/lang/ClassNotFoundException': com/android/build/gradle/internal/CompileOptions_DecoratedBeanInfo> (0x00000000d98b09f0) thrown at [C:\src\AOSP-openjdk-git\hotspot\src\share\vm\classfile\systemDictionary.cpp, line 210]
Event: 22.214 Thread 0x0000000019bc1800 Exception <a 'java/lang/ClassNotFoundException': com/android/build/gradle/internal/CompileOptionsBeanInfo> (0x00000000d98cc2f0) thrown at [C:\src\AOSP-openjdk-git\hotspot\src\share\vm\classfile\systemDictionary.cpp, line 210]
Event: 22.215 Thread 0x0000000019bc1800 Exception <a 'java/lang/ClassNotFoundException': com/android/build/gradle/internal/CompileOptionsCustomizer> (0x00000000d98e7de8) thrown at [C:\src\AOSP-openjdk-git\hotspot\src\share\vm\classfile\systemDictionary.cpp, line 210]
Event: 22.216 Thread 0x0000000019bc1800 Exception <a 'java/lang/ClassNotFoundException': com/android/build/gradle/internal/CompileOptions_DecoratedCustomizer> (0x00000000d99191e8) thrown at [C:\src\AOSP-openjdk-git\hotspot\src\share\vm\classfile\systemDictionary.cpp, line 210]

Events (10 events):
Event: 22.638 loading class com/android/build/gradle/internal/variant/ApplicationVariantFactory$restrictEnabledOutputs$1
Event: 22.638 loading class com/android/build/gradle/internal/variant/ApplicationVariantFactory$restrictEnabledOutputs$1 done
Event: 22.639 loading class com/android/build/gradle/internal/variant/ComponentInfo
Event: 22.639 loading class com/android/build/gradle/internal/variant/ComponentInfo done
Event: 22.643 loading class com/google/wireless/android/sdk/stats/ApiVersionOrBuilder
Event: 22.643 loading class com/google/wireless/android/sdk/stats/ApiVersionOrBuilder done
Event: 22.645 loading class com/google/wireless/android/sdk/stats/GradleBuildVariant$1
Event: 22.645 loading class com/google/wireless/android/sdk/stats/GradleBuildVariant$1 done
Event: 22.646 loading class com/google/wireless/android/sdk/stats/GradleBuildVariant$Builder
Event: 22.646 loading class com/google/wireless/android/sdk/stats/GradleBuildVariant$Builder done


Dynamic libraries:
0x00007ff643330000 - 0x00007ff643361000 	C:\Program Files\Android\Android Studio\jre\bin\java.exe
0x00007ffa6d570000 - 0x00007ffa6d765000 	C:\Windows\SYSTEM32\ntdll.dll
0x00007ffa6cc60000 - 0x00007ffa6cd1d000 	C:\Windows\System32\KERNEL32.DLL
0x00007ffa6afe0000 - 0x00007ffa6b2ad000 	C:\Windows\System32\KERNELBASE.dll
0x00007ffa6c490000 - 0x00007ffa6c53e000 	C:\Windows\System32\ADVAPI32.dll
0x00007ffa6d010000 - 0x00007ffa6d0ae000 	C:\Windows\System32\msvcrt.dll
0x00007ffa6ce60000 - 0x00007ffa6cefc000 	C:\Windows\System32\sechost.dll
0x00007ffa6c920000 - 0x00007ffa6ca45000 	C:\Windows\System32\RPCRT4.dll
0x00007ffa6be90000 - 0x00007ffa6c030000 	C:\Windows\System32\USER32.dll
0x00007ffa6afb0000 - 0x00007ffa6afd2000 	C:\Windows\System32\win32u.dll
0x00007ffa6c150000 - 0x00007ffa6c17a000 	C:\Windows\System32\GDI32.dll
0x00007ffa6b460000 - 0x00007ffa6b56b000 	C:\Windows\System32\gdi32full.dll
0x00007ffa6af10000 - 0x00007ffa6afad000 	C:\Windows\System32\msvcp_win.dll
0x00007ffa6ae10000 - 0x00007ffa6af10000 	C:\Windows\System32\ucrtbase.dll
0x00007ffa5a970000 - 0x00007ffa5ac0a000 	C:\Windows\WinSxS\amd64_microsoft.windows.common-controls_6595b64144ccf1df_6.0.19041.1110_none_60b5254171f9507e\COMCTL32.dll
0x00007ffa6c3f0000 - 0x00007ffa6c420000 	C:\Windows\System32\IMM32.DLL
0x000000005c7f0000 - 0x000000005c8c2000 	C:\Program Files\Android\Android Studio\jre\jre\bin\msvcr100.dll
0x000000005c9b0000 - 0x000000005d1fb000 	C:\Program Files\Android\Android Studio\jre\jre\bin\server\jvm.dll
0x00007ffa6be80000 - 0x00007ffa6be88000 	C:\Windows\System32\PSAPI.DLL
0x00007ffa61b50000 - 0x00007ffa61b77000 	C:\Windows\SYSTEM32\WINMM.dll
0x00007ffa61b80000 - 0x00007ffa61b8a000 	C:\Windows\SYSTEM32\VERSION.dll
0x00007ffa56250000 - 0x00007ffa56259000 	C:\Windows\SYSTEM32\WSOCK32.dll
0x00007ffa6c420000 - 0x00007ffa6c48b000 	C:\Windows\System32\WS2_32.dll
0x00007ffa52800000 - 0x00007ffa5280f000 	C:\Program Files\Android\Android Studio\jre\jre\bin\verify.dll
0x00007ffa527d0000 - 0x00007ffa527f9000 	C:\Program Files\Android\Android Studio\jre\jre\bin\java.dll
0x00007ffa51fa0000 - 0x00007ffa51fb6000 	C:\Program Files\Android\Android Studio\jre\jre\bin\zip.dll
0x00007ffa6b730000 - 0x00007ffa6be74000 	C:\Windows\System32\SHELL32.dll
0x00007ffa68aa0000 - 0x00007ffa69234000 	C:\Windows\SYSTEM32\windows.storage.dll
0x00007ffa6c5c0000 - 0x00007ffa6c914000 	C:\Windows\System32\combase.dll
0x00007ffa6a660000 - 0x00007ffa6a68c000 	C:\Windows\SYSTEM32\Wldp.dll
0x00007ffa6cf60000 - 0x00007ffa6d00d000 	C:\Windows\System32\SHCORE.dll
0x00007ffa6c560000 - 0x00007ffa6c5b5000 	C:\Windows\System32\shlwapi.dll
0x00007ffa6abc0000 - 0x00007ffa6abdf000 	C:\Windows\SYSTEM32\profapi.dll
0x00007ffa45210000 - 0x00007ffa4522a000 	C:\Program Files\Android\Android Studio\jre\jre\bin\net.dll
0x00007ffa6a370000 - 0x00007ffa6a3da000 	C:\Windows\system32\mswsock.dll
0x00007ffa451f0000 - 0x00007ffa45203000 	C:\Program Files\Android\Android Studio\jre\jre\bin\nio.dll
0x00007ffa597d0000 - 0x00007ffa597f7000 	C:\Users\LENOVO\.gradle\native\f6784746aeab05261644944871eae4fe03e0ef1612fff0a4a95f87b438bc6780\windows-amd64\native-platform.dll
0x00007ffa51f90000 - 0x00007ffa51f9d000 	C:\Program Files\Android\Android Studio\jre\jre\bin\management.dll
0x00007ffa6a560000 - 0x00007ffa6a578000 	C:\Windows\SYSTEM32\CRYPTSP.dll
0x00007ffa69cf0000 - 0x00007ffa69d24000 	C:\Windows\system32\rsaenh.dll
0x00007ffa6ade0000 - 0x00007ffa6ae07000 	C:\Windows\System32\bcrypt.dll
0x00007ffa6ab40000 - 0x00007ffa6ab6e000 	C:\Windows\SYSTEM32\USERENV.dll
0x00007ffa6b2b0000 - 0x00007ffa6b332000 	C:\Windows\System32\bcryptprimitives.dll
0x00007ffa6aa10000 - 0x00007ffa6aa1c000 	C:\Windows\SYSTEM32\CRYPTBASE.dll
0x00007ffa6a060000 - 0x00007ffa6a09b000 	C:\Windows\SYSTEM32\IPHLPAPI.DLL
0x00007ffa6c550000 - 0x00007ffa6c558000 	C:\Windows\System32\NSI.dll
0x00007ffa5f180000 - 0x00007ffa5f197000 	C:\Windows\SYSTEM32\dhcpcsvc6.DLL
0x00007ffa5f3a0000 - 0x00007ffa5f3bd000 	C:\Windows\SYSTEM32\dhcpcsvc.DLL
0x00007ffa6a0a0000 - 0x00007ffa6a16b000 	C:\Windows\SYSTEM32\DNSAPI.dll
0x00007ffa62da0000 - 0x00007ffa62dab000 	C:\Windows\SYSTEM32\WINNSI.DLL

VM Arguments:
jvm_args: -Xmx2048m -Dfile.encoding=UTF-8 -Duser.country=US -Duser.language=en -Duser.variant 
java_command: org.gradle.launcher.daemon.bootstrap.GradleDaemon 6.5
java_class_path (initial): C:\Users\LENOVO\.gradle\wrapper\dists\gradle-6.5-all\2oz4ud9k3tuxjg84bbf55q0tn\gradle-6.5\lib\gradle-launcher-6.5.jar
Launcher Type: SUN_STANDARD

Environment Variables:
PATH=C:\ProgramData\Oracle\Java\javapath;C:\Windows\system32;C:\Windows;C:\Windows\System32\Wbem;C:\Windows\System32\WindowsPowerShell\v1.0\;C:\Windows\System32\OpenSSH\;C:\Users\LENOVO\AppData\Local\Microsoft\WindowsApps;
USERNAME=LENOVO
OS=Windows_NT
PROCESSOR_IDENTIFIER=AMD64 Family 21 Model 112 Stepping 0, AuthenticAMD



---------------  S Y S T E M  ---------------

OS: Windows 10.0 , 64 bit Build 19041 (10.0.19041.1706)

CPU:total 2 (initial active 2) (2 cores per cpu, 1 threads per core) family 21 model 112 stepping 0, cmov, cx8, fxsr, mmx, sse, sse2, sse3, ssse3, sse4.1, sse4.2, popcnt, avx, avx2, aes, clmul, mmxext, 3dnowpref, lzcnt, sse4a, tsc, tscinvbit, tscinv, bmi1

Memory: 4k page, physical 3555228k(256456k free), swap 14565276k(228k free)

vm_info: OpenJDK 64-Bit Server VM (25.242-b01) for windows-amd64 JRE (1.8.0_242-release-1644-b01), built by "builder" with MS VC++ 10.0 (VS2010)

time: Sat Jun 04 09:21:19 2022
timezone: Malay Peninsula Standard Time
elapsed time: 22 seconds (0d 0h 0m 22s)

