#
# There is insufficient memory for the Java Runtime Environment to continue.
# Native memory allocation (malloc) failed to allocate 1009376 bytes for Chunk::new
# Possible reasons:
#   The system is out of physical RAM or swap space
#   The process is running with CompressedOops enabled, and the Java Heap may be blocking the growth of the native heap
# Possible solutions:
#   Reduce memory load on the system
#   Increase physical memory or swap space
#   Check if swap backing store is full
#   Decrease Java heap size (-Xmx/-Xms)
#   Decrease number of Java threads
#   Decrease Java thread stack sizes (-Xss)
#   Set larger code cache with -XX:ReservedCodeCacheSize=
#   JVM is running with Unscaled Compressed Oops mode in which the Java heap is
#     placed in the first 4GB address space. The Java Heap base address is the
#     maximum limit for the native heap growth. Please use -XX:HeapBaseMinAddress
#     to set the Java Heap base and to place the Java Heap above 4GB virtual address.
# This output file may be truncated or incomplete.
#
#  Out of Memory Error (allocation.cpp:389), pid=4800, tid=0x000000000000025c
#
# JRE version: OpenJDK Runtime Environment (8.0_242-b01) (build 1.8.0_242-release-1644-b01)
# Java VM: OpenJDK 64-Bit Server VM (25.242-b01 mixed mode windows-amd64 compressed oops)
# Failed to write core dump. Minidumps are not enabled by default on client versions of Windows
#

---------------  T H R E A D  ---------------

Current thread (0x00000000173f1800):  JavaThread "C2 CompilerThread0" daemon [_thread_in_native, id=604, stack(0x0000000018430000,0x0000000018530000)]

Stack: [0x0000000018430000,0x0000000018530000]
[error occurred during error reporting (printing stack bounds), id 0xc0000005]

Native frames: (J=compiled Java code, j=interpreted, Vv=VM code, C=native code)


Current CompileTask:
C2:  27754 5343 %     4       org.gradle.internal.instantiation.generator.AbstractClassGenerator::inspectType @ 107 (560 bytes)


---------------  P R O C E S S  ---------------

Java Threads: ( => current thread )
  0x0000000019e6b800 JavaThread "Cache worker for file content cache (D:\Kuliah\SKRIPSI\2022\Shinta\SIG_BencanaAlam\.gradle\6.5\fileContent)" [_thread_blocked, id=9932, stack(0x00000000279f0000,0x0000000027af0000)]
  0x0000000019e6a000 JavaThread "Memory manager" [_thread_blocked, id=12068, stack(0x00000000278f0000,0x00000000279f0000)]
  0x0000000019e68800 JavaThread "Cache worker for Build Output Cleanup Cache (D:\Kuliah\SKRIPSI\2022\Shinta\SIG_BencanaAlam\.gradle\buildOutputCleanup)" [_thread_blocked, id=6136, stack(0x0000000025820000,0x0000000025920000)]
  0x0000000019e6d800 JavaThread "jar transforms Thread 94" [_thread_blocked, id=1580, stack(0x0000000025520000,0x0000000025620000)]
  0x0000000019e61800 JavaThread "jar transforms Thread 93" [_thread_blocked, id=10816, stack(0x0000000025420000,0x0000000025520000)]
  0x0000000019e61000 JavaThread "jar transforms Thread 92" [_thread_blocked, id=12456, stack(0x0000000025320000,0x0000000025420000)]
  0x0000000019e67800 JavaThread "jar transforms Thread 91" [_thread_blocked, id=12140, stack(0x0000000025220000,0x0000000025320000)]
  0x0000000019e60000 JavaThread "jar transforms Thread 90" [_thread_blocked, id=2632, stack(0x0000000025120000,0x0000000025220000)]
  0x0000000019e67000 JavaThread "jar transforms Thread 89" [_thread_blocked, id=8860, stack(0x0000000025020000,0x0000000025120000)]
  0x0000000019e66000 JavaThread "jar transforms Thread 88" [_thread_blocked, id=1172, stack(0x0000000024f20000,0x0000000025020000)]
  0x0000000019e65800 JavaThread "jar transforms Thread 87" [_thread_blocked, id=3356, stack(0x0000000024e20000,0x0000000024f20000)]
  0x0000000019e63000 JavaThread "jar transforms Thread 86" [_thread_blocked, id=12420, stack(0x0000000024d20000,0x0000000024e20000)]
  0x0000000019e62800 JavaThread "jar transforms Thread 85" [_thread_blocked, id=2868, stack(0x0000000024c20000,0x0000000024d20000)]
  0x0000000019e5e800 JavaThread "jar transforms Thread 84" [_thread_blocked, id=1568, stack(0x0000000024b20000,0x0000000024c20000)]
  0x0000000019e5f000 JavaThread "jar transforms Thread 83" [_thread_blocked, id=8364, stack(0x0000000024a20000,0x0000000024b20000)]
  0x0000000019e64800 JavaThread "jar transforms Thread 82" [_thread_blocked, id=8356, stack(0x0000000024920000,0x0000000024a20000)]
  0x0000000019e64000 JavaThread "jar transforms Thread 81" [_thread_blocked, id=7208, stack(0x0000000024820000,0x0000000024920000)]
  0x00000000196fb800 JavaThread "jar transforms Thread 80" [_thread_blocked, id=6488, stack(0x0000000024720000,0x0000000024820000)]
  0x00000000196f9800 JavaThread "jar transforms Thread 79" [_thread_blocked, id=12540, stack(0x0000000024620000,0x0000000024720000)]
  0x00000000196fb000 JavaThread "jar transforms Thread 78" [_thread_blocked, id=1296, stack(0x0000000024520000,0x0000000024620000)]
  0x00000000196fc800 JavaThread "jar transforms Thread 77" [_thread_blocked, id=11024, stack(0x0000000024420000,0x0000000024520000)]
  0x00000000196fa000 JavaThread "jar transforms Thread 76" [_thread_blocked, id=8496, stack(0x0000000024320000,0x0000000024420000)]
  0x00000000196f8800 JavaThread "jar transforms Thread 75" [_thread_blocked, id=12568, stack(0x0000000024220000,0x0000000024320000)]
  0x00000000196f8000 JavaThread "jar transforms Thread 74" [_thread_blocked, id=9156, stack(0x0000000024120000,0x0000000024220000)]
  0x00000000196fd000 JavaThread "jar transforms Thread 73" [_thread_blocked, id=5180, stack(0x0000000024020000,0x0000000024120000)]
  0x00000000196f0800 JavaThread "jar transforms Thread 72" [_thread_blocked, id=3372, stack(0x0000000023f20000,0x0000000024020000)]
  0x00000000196f7000 JavaThread "jar transforms Thread 71" [_thread_blocked, id=4016, stack(0x0000000023e20000,0x0000000023f20000)]
  0x00000000196f1000 JavaThread "jar transforms Thread 70" [_thread_blocked, id=10548, stack(0x0000000023d20000,0x0000000023e20000)]
  0x00000000196f6800 JavaThread "jar transforms Thread 69" [_thread_blocked, id=8408, stack(0x0000000023c20000,0x0000000023d20000)]
  0x00000000196f5800 JavaThread "jar transforms Thread 68" [_thread_blocked, id=5348, stack(0x0000000023b20000,0x0000000023c20000)]
  0x00000000196ef000 JavaThread "jar transforms Thread 67" [_thread_blocked, id=4116, stack(0x0000000023a20000,0x0000000023b20000)]
  0x00000000196ee000 JavaThread "jar transforms Thread 66" [_thread_blocked, id=1904, stack(0x0000000023920000,0x0000000023a20000)]
  0x00000000196f5000 JavaThread "jar transforms Thread 65" [_thread_blocked, id=6576, stack(0x0000000023820000,0x0000000023920000)]
  0x00000000196f4000 JavaThread "jar transforms Thread 64" [_thread_blocked, id=12416, stack(0x0000000023720000,0x0000000023820000)]
  0x00000000196f3800 JavaThread "jar transforms Thread 63" [_thread_blocked, id=9168, stack(0x0000000023620000,0x0000000023720000)]
  0x00000000196ef800 JavaThread "jar transforms Thread 62" [_thread_blocked, id=2272, stack(0x0000000023520000,0x0000000023620000)]
  0x00000000196f2800 JavaThread "jar transforms Thread 61" [_thread_blocked, id=10720, stack(0x0000000023420000,0x0000000023520000)]
  0x00000000196f2000 JavaThread "jar transforms Thread 60" [_thread_blocked, id=7572, stack(0x0000000023320000,0x0000000023420000)]
  0x000000001d17f000 JavaThread "jar transforms Thread 59" [_thread_blocked, id=32, stack(0x0000000023220000,0x0000000023320000)]
  0x000000001d177800 JavaThread "jar transforms Thread 58" [_thread_blocked, id=5796, stack(0x0000000023120000,0x0000000023220000)]
  0x000000001d17d800 JavaThread "jar transforms Thread 57" [_thread_blocked, id=10168, stack(0x0000000023020000,0x0000000023120000)]
  0x000000001d17d000 JavaThread "jar transforms Thread 56" [_thread_blocked, id=5328, stack(0x0000000022f20000,0x0000000023020000)]
  0x000000001d17c000 JavaThread "jar transforms Thread 55" [_thread_blocked, id=13232, stack(0x0000000022e20000,0x0000000022f20000)]
  0x000000001d17b800 JavaThread "jar transforms Thread 54" [_thread_blocked, id=1320, stack(0x0000000022d20000,0x0000000022e20000)]
  0x000000001d17e800 JavaThread "jar transforms Thread 53" [_thread_blocked, id=8832, stack(0x0000000022c20000,0x0000000022d20000)]
  0x000000001d17a800 JavaThread "jar transforms Thread 52" [_thread_blocked, id=12200, stack(0x0000000022b20000,0x0000000022c20000)]
  0x000000001d179000 JavaThread "jar transforms Thread 51" [_thread_blocked, id=13112, stack(0x0000000022a20000,0x0000000022b20000)]
  0x000000001d178800 JavaThread "jar transforms Thread 50" [_thread_blocked, id=8836, stack(0x0000000022920000,0x0000000022a20000)]
  0x000000001d17a000 JavaThread "jar transforms Thread 49" [_thread_blocked, id=7816, stack(0x0000000022820000,0x0000000022920000)]
  0x000000001d172800 JavaThread "jar transforms Thread 48" [_thread_blocked, id=10520, stack(0x0000000022720000,0x0000000022820000)]
  0x000000001d170000 JavaThread "jar transforms Thread 47" [_thread_blocked, id=2776, stack(0x0000000022620000,0x0000000022720000)]
  0x000000001d177000 JavaThread "jar transforms Thread 46" [_thread_blocked, id=10668, stack(0x0000000022520000,0x0000000022620000)]
  0x000000001d174000 JavaThread "jar transforms Thread 45" [_thread_blocked, id=7260, stack(0x0000000022420000,0x0000000022520000)]
  0x000000001d171000 JavaThread "jar transforms Thread 44" [_thread_blocked, id=11008, stack(0x0000000022320000,0x0000000022420000)]
  0x000000001d175800 JavaThread "jar transforms Thread 43" [_thread_blocked, id=4996, stack(0x0000000022220000,0x0000000022320000)]
  0x000000001d174800 JavaThread "jar transforms Thread 42" [_thread_blocked, id=9544, stack(0x0000000022120000,0x0000000022220000)]
  0x000000001d176000 JavaThread "jar transforms Thread 41" [_thread_blocked, id=12788, stack(0x0000000022020000,0x0000000022120000)]
  0x000000001d171800 JavaThread "jar transforms Thread 40" [_thread_blocked, id=8940, stack(0x0000000021f20000,0x0000000022020000)]
  0x000000001d173000 JavaThread "jar transforms Thread 39" [_thread_blocked, id=10776, stack(0x0000000021e20000,0x0000000021f20000)]
  0x000000001c84a800 JavaThread "jar transforms Thread 38" [_thread_blocked, id=6116, stack(0x0000000021d20000,0x0000000021e20000)]
  0x000000001c847800 JavaThread "jar transforms Thread 37" [_thread_blocked, id=10036, stack(0x0000000021c20000,0x0000000021d20000)]
  0x000000001c84e000 JavaThread "jar transforms Thread 36" [_thread_blocked, id=12064, stack(0x0000000021b20000,0x0000000021c20000)]
  0x000000001c84c800 JavaThread "jar transforms Thread 35" [_thread_blocked, id=11348, stack(0x0000000021a20000,0x0000000021b20000)]
  0x000000001c84c000 JavaThread "jar transforms Thread 34" [_thread_blocked, id=10844, stack(0x0000000021920000,0x0000000021a20000)]
  0x000000001c84d800 JavaThread "jar transforms Thread 33" [_thread_blocked, id=4976, stack(0x0000000021820000,0x0000000021920000)]
  0x000000001c849800 JavaThread "jar transforms Thread 32" [_thread_blocked, id=12948, stack(0x0000000021720000,0x0000000021820000)]
  0x000000001c849000 JavaThread "jar transforms Thread 31" [_thread_blocked, id=6248, stack(0x0000000021620000,0x0000000021720000)]
  0x000000001c848000 JavaThread "jar transforms Thread 30" [_thread_blocked, id=488, stack(0x0000000021520000,0x0000000021620000)]
  0x000000001c84b000 JavaThread "jar transforms Thread 29" [_thread_blocked, id=3708, stack(0x0000000021420000,0x0000000021520000)]
  0x000000001c840000 JavaThread "jar transforms Thread 28" [_thread_blocked, id=2628, stack(0x0000000021320000,0x0000000021420000)]
  0x000000001c846800 JavaThread "jar transforms Thread 27" [_thread_blocked, id=7076, stack(0x0000000021220000,0x0000000021320000)]
  0x000000001c846000 JavaThread "jar transforms Thread 26" [_thread_blocked, id=9060, stack(0x0000000021120000,0x0000000021220000)]
  0x000000001c841800 JavaThread "jar transforms Thread 25" [_thread_blocked, id=12968, stack(0x0000000021020000,0x0000000021120000)]
  0x000000001c83f000 JavaThread "jar transforms Thread 24" [_thread_blocked, id=4060, stack(0x0000000020f20000,0x0000000021020000)]
  0x000000001c844800 JavaThread "jar transforms Thread 23" [_thread_blocked, id=11476, stack(0x0000000020e20000,0x0000000020f20000)]
  0x000000001c845000 JavaThread "jar transforms Thread 22" [_thread_blocked, id=3284, stack(0x0000000020d20000,0x0000000020e20000)]
  0x000000001c840800 JavaThread "jar transforms Thread 21" [_thread_blocked, id=2104, stack(0x0000000020c20000,0x0000000020d20000)]
  0x000000001c843800 JavaThread "jar transforms Thread 20" [_thread_blocked, id=4296, stack(0x0000000020a20000,0x0000000020b20000)]
  0x000000001c842000 JavaThread "jar transforms Thread 19" [_thread_blocked, id=10372, stack(0x0000000020920000,0x0000000020a20000)]
  0x000000001c843000 JavaThread "jar transforms Thread 18" [_thread_blocked, id=1832, stack(0x0000000020820000,0x0000000020920000)]
  0x000000001978a000 JavaThread "jar transforms Thread 17" [_thread_blocked, id=10120, stack(0x0000000020720000,0x0000000020820000)]
  0x0000000019788800 JavaThread "jar transforms Thread 16" [_thread_blocked, id=7724, stack(0x0000000020620000,0x0000000020720000)]
  0x0000000019788000 JavaThread "jar transforms Thread 15" [_thread_blocked, id=13308, stack(0x0000000020520000,0x0000000020620000)]
  0x0000000019789800 JavaThread "jar transforms Thread 14" [_thread_blocked, id=6980, stack(0x0000000020420000,0x0000000020520000)]
  0x0000000019787000 JavaThread "jar transforms Thread 13" [_thread_blocked, id=8960, stack(0x0000000020320000,0x0000000020420000)]
  0x000000001978b000 JavaThread "jar transforms Thread 12" [_thread_blocked, id=11656, stack(0x0000000020220000,0x0000000020320000)]
  0x0000000019786800 JavaThread "jar transforms Thread 11" [_thread_blocked, id=7644, stack(0x0000000020120000,0x0000000020220000)]
  0x000000001977f000 JavaThread "jar transforms Thread 10" [_thread_blocked, id=10124, stack(0x0000000020020000,0x0000000020120000)]
  0x0000000019785800 JavaThread "jar transforms Thread 9" [_thread_blocked, id=2168, stack(0x000000001ff20000,0x0000000020020000)]
  0x000000001977e000 JavaThread "jar transforms Thread 8" [_thread_blocked, id=9368, stack(0x000000001fe20000,0x000000001ff20000)]
  0x0000000019785000 JavaThread "jar transforms Thread 7" [_thread_blocked, id=3124, stack(0x000000001fd20000,0x000000001fe20000)]
  0x000000001977d800 JavaThread "jar transforms Thread 6" [_thread_blocked, id=11084, stack(0x000000001fc20000,0x000000001fd20000)]
  0x0000000019783800 JavaThread "jar transforms Thread 5" [_thread_blocked, id=216, stack(0x000000001fb20000,0x000000001fc20000)]
  0x0000000019784000 JavaThread "jar transforms Thread 4" [_thread_blocked, id=3052, stack(0x000000001fa20000,0x000000001fb20000)]
  0x000000001977c000 JavaThread "jar transforms Thread 3" [_thread_blocked, id=3624, stack(0x000000001f920000,0x000000001fa20000)]
  0x0000000019782800 JavaThread "jar transforms Thread 2" [_thread_blocked, id=11844, stack(0x000000001f820000,0x000000001f920000)]
  0x0000000019782000 JavaThread "Build operations Thread 2" [_thread_blocked, id=11332, stack(0x000000001f720000,0x000000001f820000)]
  0x0000000019781000 JavaThread "Build operations" [_thread_blocked, id=11156, stack(0x000000001f620000,0x000000001f720000)]
  0x0000000019b12800 JavaThread "Cache worker for file content cache (C:\Users\LENOVO\.gradle\caches\6.5\fileContent)" [_thread_blocked, id=9688, stack(0x000000001ef20000,0x000000001f020000)]
  0x0000000019b11000 JavaThread "jar transforms" [_thread_blocked, id=1096, stack(0x000000001ee20000,0x000000001ef20000)]
  0x0000000019b0f800 JavaThread "Cache worker for execution history cache (C:\Users\LENOVO\.gradle\caches\6.5\executionHistory)" [_thread_blocked, id=4912, stack(0x000000001e720000,0x000000001e820000)]
  0x0000000019b0e800 JavaThread "Cache worker for cache directory md-rule (C:\Users\LENOVO\.gradle\caches\6.5\md-rule)" [_thread_blocked, id=5764, stack(0x000000001e620000,0x000000001e720000)]
  0x0000000019b0e000 JavaThread "Cache worker for cache directory md-supplier (C:\Users\LENOVO\.gradle\caches\6.5\md-supplier)" [_thread_blocked, id=12384, stack(0x000000001e520000,0x000000001e620000)]
  0x0000000019b0d000 JavaThread "Cache worker for checksums cache (D:\Kuliah\SKRIPSI\2022\Shinta\SIG_BencanaAlam\.gradle\checksums)" [_thread_blocked, id=1484, stack(0x000000001e420000,0x000000001e520000)]
  0x0000000019b0c800 JavaThread "Cache worker for file hash cache (D:\Kuliah\SKRIPSI\2022\Shinta\SIG_BencanaAlam\.gradle\6.5\fileHashes)" [_thread_blocked, id=5968, stack(0x000000001e120000,0x000000001e220000)]
  0x0000000019b0b800 JavaThread "Cache worker for file hash cache (C:\Users\LENOVO\.gradle\caches\6.5\fileHashes)" [_thread_blocked, id=13028, stack(0x000000001bc80000,0x000000001bd80000)]
  0x0000000019b10000 JavaThread "File lock request listener" [_thread_in_native, id=10056, stack(0x000000001bb80000,0x000000001bc80000)]
  0x0000000019118800 JavaThread "Cache worker for journal cache (C:\Users\LENOVO\.gradle\caches\journal-1)" [_thread_blocked, id=11900, stack(0x000000001ba80000,0x000000001bb80000)]
  0x0000000019a89800 JavaThread "Thread-9" [_thread_blocked, id=8552, stack(0x000000001b780000,0x000000001b880000)]
  0x0000000019a87000 JavaThread "Stdin handler" [_thread_blocked, id=10480, stack(0x000000001b680000,0x000000001b780000)]
  0x0000000019a86000 JavaThread "Asynchronous log dispatcher for DefaultDaemonConnection: socket connection from /127.0.0.1:49436 to /127.0.0.1:49437" [_thread_blocked, id=8772, stack(0x000000001b580000,0x000000001b680000)]
  0x0000000019a77000 JavaThread "Daemon worker" [_thread_in_vm, id=10516, stack(0x000000001b480000,0x000000001b580000)]
  0x0000000019a75800 JavaThread "Cancel handler" [_thread_blocked, id=11528, stack(0x000000001b380000,0x000000001b480000)]
  0x00000000189aa800 JavaThread "Handler for socket connection from /127.0.0.1:49436 to /127.0.0.1:49437" [_thread_in_native, id=7668, stack(0x000000001b280000,0x000000001b380000)]
  0x0000000019a06800 JavaThread "Daemon" [_thread_blocked, id=11316, stack(0x000000001b180000,0x000000001b280000)]
  0x0000000019355000 JavaThread "Daemon periodic checks" [_thread_blocked, id=10884, stack(0x000000001ae80000,0x000000001af80000)]
  0x0000000019424800 JavaThread "Incoming local TCP Connector on port 49436" [_thread_in_native, id=228, stack(0x000000001ac40000,0x000000001ad40000)]
  0x000000001a2ae800 JavaThread "Daemon health stats" [_thread_blocked, id=7756, stack(0x000000001a600000,0x000000001a700000)]
  0x0000000017464800 JavaThread "Service Thread" daemon [_thread_blocked, id=10792, stack(0x0000000018630000,0x0000000018730000)]
  0x00000000173f4800 JavaThread "C1 CompilerThread1" daemon [_thread_blocked, id=5164, stack(0x0000000018530000,0x0000000018630000)]
=>0x00000000173f1800 JavaThread "C2 CompilerThread0" daemon [_thread_in_native, id=604, stack(0x0000000018430000,0x0000000018530000)]
  0x00000000173ed800 JavaThread "Attach Listener" daemon [_thread_blocked, id=11296, stack(0x0000000018330000,0x0000000018430000)]
  0x00000000173ea000 JavaThread "Signal Dispatcher" daemon [_thread_blocked, id=10552, stack(0x0000000018230000,0x0000000018330000)]
  0x0000000002a06000 JavaThread "Finalizer" daemon [_thread_blocked, id=12596, stack(0x0000000018030000,0x0000000018130000)]
  0x00000000173d7000 JavaThread "Reference Handler" daemon [_thread_blocked, id=11880, stack(0x0000000017f30000,0x0000000018030000)]
  0x0000000000f6d800 JavaThread "main" [_thread_blocked, id=12740, stack(0x0000000002740000,0x0000000002840000)]

Other Threads:
  0x00000000173b4800 VMThread [stack: 0x0000000017e30000,0x0000000017f30000] [id=12664]
  0x0000000017467800 WatcherThread [stack: 0x0000000018730000,0x0000000018830000] [id=4532]

VM state:not at safepoint (normal execution)

VM Mutex/Monitor currently owned by a thread: None

heap address: 0x0000000080000000, size: 2048 MB, Compressed Oops mode: 32-bit
Narrow klass base: 0x0000000000000000, Narrow klass shift: 3
Compressed class space size: 1073741824 Address: 0x0000000100000000

Heap:
 PSYoungGen      total 249856K, used 28362K [0x00000000d5580000, 0x00000000e7100000, 0x0000000100000000)
  eden space 232448K, 12% used [0x00000000d5580000,0x00000000d71328b0,0x00000000e3880000)
  from space 17408K, 0% used [0x00000000e5000000,0x00000000e5000000,0x00000000e6100000)
  to   space 24064K, 0% used [0x00000000e3880000,0x00000000e3880000,0x00000000e5000000)
 ParOldGen       total 93696K, used 40267K [0x0000000080000000, 0x0000000085b80000, 0x00000000d5580000)
  object space 93696K, 42% used [0x0000000080000000,0x0000000082752c60,0x0000000085b80000)
 Metaspace       used 58763K, capacity 61162K, committed 61336K, reserved 1101824K
  class space    used 8109K, capacity 8620K, committed 8624K, reserved 1048576K

Card table byte_map: [0x0000000011dd0000,0x00000000121e0000] byte_map_base: 0x00000000119d0000

Marking Bits: (ParMarkBitMap*) 0x000000005d17f030
 Begin Bits: [0x0000000012690000, 0x0000000014690000)
 End Bits:   [0x0000000014690000, 0x0000000016690000)

Polling page: 0x0000000000f30000

CodeCache: size=245760Kb used=16670Kb max_used=17147Kb free=229089Kb
 bounds [0x0000000002a10000, 0x0000000003ae0000, 0x0000000011a10000]
 total_blobs=5647 nmethods=4873 adapters=688
 compilation: enabled

Compilation events (10 events):
Event: 27.735 Thread 0x00000000173f4800 5399       3       com.sun.xml.bind.v2.model.nav.ReflectionNavigator$6::onClass (10 bytes)
Event: 27.735 Thread 0x00000000173f4800 nmethod 5399 0x0000000002ff7f50 code [0x0000000002ff80c0, 0x0000000002ff8370]
Event: 27.736 Thread 0x00000000173f4800 5400       1       java.util.Collections$EmptyMap::containsKey (2 bytes)
Event: 27.736 Thread 0x00000000173f4800 nmethod 5400 0x0000000003163350 code [0x00000000031634a0, 0x00000000031635b0]
Event: 27.737 Thread 0x00000000173f4800 5401       1       com.sun.xml.bind.v2.model.impl.PropertyInfoImpl::isCollection (5 bytes)
Event: 27.737 Thread 0x00000000173f4800 nmethod 5401 0x000000000316a750 code [0x000000000316a8a0, 0x000000000316a9b0]
Event: 27.746 Thread 0x00000000173f4800 5402       1       com.sun.xml.bind.v2.model.impl.TypeInfoImpl::reader (8 bytes)
Event: 27.746 Thread 0x00000000173f4800 nmethod 5402 0x0000000003255150 code [0x00000000032552a0, 0x00000000032553b0]
Event: 27.746 Thread 0x00000000173f4800 5403       3       com.sun.xml.bind.v2.model.annotation.RuntimeInlineAnnotationReader::getPackageAnnotation (11 bytes)
Event: 27.747 Thread 0x00000000173f4800 nmethod 5403 0x0000000002f87a50 code [0x0000000002f87bc0, 0x0000000002f87ea8]

GC Heap History (10 events):
Event: 14.000 GC heap before
{Heap before GC invocations=9 (full 1):
 PSYoungGen      total 126976K, used 50911K [0x00000000d5580000, 0x00000000e2680000, 0x0000000100000000)
  eden space 117760K, 35% used [0x00000000d5580000,0x00000000d7e3b360,0x00000000dc880000)
  from space 9216K, 99% used [0x00000000dc880000,0x00000000dd17cbf8,0x00000000dd180000)
  to   space 12800K, 0% used [0x00000000e1a00000,0x00000000e1a00000,0x00000000e2680000)
 ParOldGen       total 42496K, used 20110K [0x0000000080000000, 0x0000000082980000, 0x00000000d5580000)
  object space 42496K, 47% used [0x0000000080000000,0x00000000813a3be8,0x0000000082980000)
 Metaspace       used 34248K, capacity 35412K, committed 35496K, reserved 1079296K
  class space    used 4713K, capacity 5001K, committed 5040K, reserved 1048576K
Event: 14.022 GC heap after
Heap after GC invocations=9 (full 1):
 PSYoungGen      total 200704K, used 8231K [0x00000000d5580000, 0x00000000e2780000, 0x0000000100000000)
  eden space 187904K, 0% used [0x00000000d5580000,0x00000000d5580000,0x00000000e0d00000)
  from space 12800K, 64% used [0x00000000e1a00000,0x00000000e2209c18,0x00000000e2680000)
  to   space 13312K, 0% used [0x00000000e0d00000,0x00000000e0d00000,0x00000000e1a00000)
 ParOldGen       total 42496K, used 20118K [0x0000000080000000, 0x0000000082980000, 0x00000000d5580000)
  object space 42496K, 47% used [0x0000000080000000,0x00000000813a5be8,0x0000000082980000)
 Metaspace       used 34248K, capacity 35412K, committed 35496K, reserved 1079296K
  class space    used 4713K, capacity 5001K, committed 5040K, reserved 1048576K
}
Event: 14.022 GC heap before
{Heap before GC invocations=10 (full 2):
 PSYoungGen      total 200704K, used 8231K [0x00000000d5580000, 0x00000000e2780000, 0x0000000100000000)
  eden space 187904K, 0% used [0x00000000d5580000,0x00000000d5580000,0x00000000e0d00000)
  from space 12800K, 64% used [0x00000000e1a00000,0x00000000e2209c18,0x00000000e2680000)
  to   space 13312K, 0% used [0x00000000e0d00000,0x00000000e0d00000,0x00000000e1a00000)
 ParOldGen       total 42496K, used 20118K [0x0000000080000000, 0x0000000082980000, 0x00000000d5580000)
  object space 42496K, 47% used [0x0000000080000000,0x00000000813a5be8,0x0000000082980000)
 Metaspace       used 34248K, capacity 35412K, committed 35496K, reserved 1079296K
  class space    used 4713K, capacity 5001K, committed 5040K, reserved 1048576K
Event: 14.155 GC heap after
Heap after GC invocations=10 (full 2):
 PSYoungGen      total 200704K, used 0K [0x00000000d5580000, 0x00000000e2780000, 0x0000000100000000)
  eden space 187904K, 0% used [0x00000000d5580000,0x00000000d5580000,0x00000000e0d00000)
  from space 12800K, 0% used [0x00000000e1a00000,0x00000000e1a00000,0x00000000e2680000)
  to   space 13312K, 0% used [0x00000000e0d00000,0x00000000e0d00000,0x00000000e1a00000)
 ParOldGen       total 52736K, used 14538K [0x0000000080000000, 0x0000000083380000, 0x00000000d5580000)
  object space 52736K, 27% used [0x0000000080000000,0x0000000080e32b80,0x0000000083380000)
 Metaspace       used 34248K, capacity 35412K, committed 35496K, reserved 1079296K
  class space    used 4713K, capacity 5001K, committed 5040K, reserved 1048576K
}
Event: 19.975 GC heap before
{Heap before GC invocations=11 (full 2):
 PSYoungGen      total 200704K, used 187904K [0x00000000d5580000, 0x00000000e2780000, 0x0000000100000000)
  eden space 187904K, 100% used [0x00000000d5580000,0x00000000e0d00000,0x00000000e0d00000)
  from space 12800K, 0% used [0x00000000e1a00000,0x00000000e1a00000,0x00000000e2680000)
  to   space 13312K, 0% used [0x00000000e0d00000,0x00000000e0d00000,0x00000000e1a00000)
 ParOldGen       total 52736K, used 14538K [0x0000000080000000, 0x0000000083380000, 0x00000000d5580000)
  object space 52736K, 27% used [0x0000000080000000,0x0000000080e32b80,0x0000000083380000)
 Metaspace       used 45595K, capacity 47420K, committed 47528K, reserved 1089536K
  class space    used 6155K, capacity 6504K, committed 6576K, reserved 1048576K
Event: 20.053 GC heap after
Heap after GC invocations=11 (full 2):
 PSYoungGen      total 201216K, used 13296K [0x00000000d5580000, 0x00000000e6100000, 0x0000000100000000)
  eden space 187904K, 0% used [0x00000000d5580000,0x00000000d5580000,0x00000000e0d00000)
  from space 13312K, 99% used [0x00000000e0d00000,0x00000000e19fc3d8,0x00000000e1a00000)
  to   space 17408K, 0% used [0x00000000e5000000,0x00000000e5000000,0x00000000e6100000)
 ParOldGen       total 52736K, used 19278K [0x0000000080000000, 0x0000000083380000, 0x00000000d5580000)
  object space 52736K, 36% used [0x0000000080000000,0x00000000812d3810,0x0000000083380000)
 Metaspace       used 45595K, capacity 47420K, committed 47528K, reserved 1089536K
  class space    used 6155K, capacity 6504K, committed 6576K, reserved 1048576K
}
Event: 25.669 GC heap before
{Heap before GC invocations=12 (full 2):
 PSYoungGen      total 201216K, used 188962K [0x00000000d5580000, 0x00000000e6100000, 0x0000000100000000)
  eden space 187904K, 93% used [0x00000000d5580000,0x00000000e010c4d8,0x00000000e0d00000)
  from space 13312K, 99% used [0x00000000e0d00000,0x00000000e19fc3d8,0x00000000e1a00000)
  to   space 17408K, 0% used [0x00000000e5000000,0x00000000e5000000,0x00000000e6100000)
 ParOldGen       total 52736K, used 19278K [0x0000000080000000, 0x0000000083380000, 0x00000000d5580000)
  object space 52736K, 36% used [0x0000000080000000,0x00000000812d3810,0x0000000083380000)
 Metaspace       used 56739K, capacity 59090K, committed 59160K, reserved 1099776K
  class space    used 7742K, capacity 8218K, committed 8240K, reserved 1048576K
Event: 25.790 GC heap after
Heap after GC invocations=12 (full 2):
 PSYoungGen      total 249856K, used 17388K [0x00000000d5580000, 0x00000000e7100000, 0x0000000100000000)
  eden space 232448K, 0% used [0x00000000d5580000,0x00000000d5580000,0x00000000e3880000)
  from space 17408K, 99% used [0x00000000e5000000,0x00000000e60fb330,0x00000000e6100000)
  to   space 24064K, 0% used [0x00000000e3880000,0x00000000e3880000,0x00000000e5000000)
 ParOldGen       total 52736K, used 30384K [0x0000000080000000, 0x0000000083380000, 0x00000000d5580000)
  object space 52736K, 57% used [0x0000000080000000,0x0000000081dac350,0x0000000083380000)
 Metaspace       used 56739K, capacity 59090K, committed 59160K, reserved 1099776K
  class space    used 7742K, capacity 8218K, committed 8240K, reserved 1048576K
}
Event: 25.791 GC heap before
{Heap before GC invocations=13 (full 3):
 PSYoungGen      total 249856K, used 17388K [0x00000000d5580000, 0x00000000e7100000, 0x0000000100000000)
  eden space 232448K, 0% used [0x00000000d5580000,0x00000000d5580000,0x00000000e3880000)
  from space 17408K, 99% used [0x00000000e5000000,0x00000000e60fb330,0x00000000e6100000)
  to   space 24064K, 0% used [0x00000000e3880000,0x00000000e3880000,0x00000000e5000000)
 ParOldGen       total 52736K, used 30384K [0x0000000080000000, 0x0000000083380000, 0x00000000d5580000)
  object space 52736K, 57% used [0x0000000080000000,0x0000000081dac350,0x0000000083380000)
 Metaspace       used 56739K, capacity 59090K, committed 59160K, reserved 1099776K
  class space    used 7742K, capacity 8218K, committed 8240K, reserved 1048576K
Event: 26.255 GC heap after
Heap after GC invocations=13 (full 3):
 PSYoungGen      total 249856K, used 0K [0x00000000d5580000, 0x00000000e7100000, 0x0000000100000000)
  eden space 232448K, 0% used [0x00000000d5580000,0x00000000d5580000,0x00000000e3880000)
  from space 17408K, 0% used [0x00000000e5000000,0x00000000e5000000,0x00000000e6100000)
  to   space 24064K, 0% used [0x00000000e3880000,0x00000000e3880000,0x00000000e5000000)
 ParOldGen       total 93696K, used 40267K [0x0000000080000000, 0x0000000085b80000, 0x00000000d5580000)
  object space 93696K, 42% used [0x0000000080000000,0x0000000082752c60,0x0000000085b80000)
 Metaspace       used 56737K, capacity 59084K, committed 59160K, reserved 1099776K
  class space    used 7742K, capacity 8217K, committed 8240K, reserved 1048576K
}

Deoptimization events (10 events):
Event: 24.973 Thread 0x0000000019a77000 Uncommon trap: reason=unstable_if action=reinterpret pc=0x0000000002d5e658 method=java.util.HashMap.resize()[Ljava/util/HashMap$Node; @ 206
Event: 24.974 Thread 0x0000000019a77000 Uncommon trap: reason=unstable_if action=reinterpret pc=0x00000000036f8f50 method=java.util.HashMap.getNode(ILjava/lang/Object;)Ljava/util/HashMap$Node; @ 84
Event: 24.974 Thread 0x0000000019a77000 Uncommon trap: reason=unstable_if action=reinterpret pc=0x000000000394cff0 method=java.util.HashMap.getNode(ILjava/lang/Object;)Ljava/util/HashMap$Node; @ 84
Event: 24.975 Thread 0x0000000019a77000 Uncommon trap: reason=unstable_if action=reinterpret pc=0x000000000339f26c method=java.util.HashMap.getNode(ILjava/lang/Object;)Ljava/util/HashMap$Node; @ 84
Event: 25.032 Thread 0x0000000019a77000 Uncommon trap: reason=unstable_if action=reinterpret pc=0x00000000033c5350 method=java.io.WinNTFileSystem.normalize(Ljava/lang/String;)Ljava/lang/String; @ 74
Event: 25.032 Thread 0x0000000019a77000 Uncommon trap: reason=unstable_if action=reinterpret pc=0x000000000303a720 method=java.io.WinNTFileSystem.normalize(Ljava/lang/String;II)Ljava/lang/String; @ 103
Event: 27.060 Thread 0x0000000019a77000 Uncommon trap: reason=bimorphic action=maybe_recompile pc=0x00000000037dd414 method=java.util.regex.Pattern$5.isSatisfiedBy(I)Z @ 16
Event: 27.060 Thread 0x0000000019a77000 Uncommon trap: reason=bimorphic action=maybe_recompile pc=0x00000000037dd414 method=java.util.regex.Pattern$5.isSatisfiedBy(I)Z @ 16
Event: 27.060 Thread 0x0000000019a77000 Uncommon trap: reason=bimorphic action=maybe_recompile pc=0x00000000037dd414 method=java.util.regex.Pattern$5.isSatisfiedBy(I)Z @ 16
Event: 27.060 Thread 0x0000000019a77000 Uncommon trap: reason=bimorphic action=maybe_recompile pc=0x00000000037dd414 method=java.util.regex.Pattern$5.isSatisfiedBy(I)Z @ 16

Classes redefined (0 events):
No events

Internal exceptions (10 events):
Event: 24.740 Thread 0x0000000019a77000 Exception <a 'java/lang/ClassNotFoundException': org/codehaus/groovy/runtime/MethodClosureBeanInfo> (0x00000000df091e50) thrown at [C:\src\AOSP-openjdk-git\hotspot\src\share\vm\classfile\systemDictionary.cpp, line 210]
Event: 24.741 Thread 0x0000000019a77000 Exception <a 'java/lang/ClassNotFoundException': org/codehaus/groovy/runtime/MethodClosureCustomizer> (0x00000000df0ab9c0) thrown at [C:\src\AOSP-openjdk-git\hotspot\src\share\vm\classfile\systemDictionary.cpp, line 210]
Event: 24.770 Thread 0x0000000019a77000 Exception <a 'java/lang/ClassNotFoundException': org/gradle/api/internal/artifacts/configurations/DefaultConfiguration$ConfigurationResolvableDependencies_DecoratedBeanInfo> (0x00000000df13a848) thrown at [C:\src\AOSP-openjdk-git\hotspot\src\share\vm\clas
Event: 24.771 Thread 0x0000000019a77000 Exception <a 'java/lang/ClassNotFoundException': org/gradle/api/internal/artifacts/configurations/DefaultConfiguration$ConfigurationResolvableDependenciesBeanInfo> (0x00000000df185890) thrown at [C:\src\AOSP-openjdk-git\hotspot\src\share\vm\classfile\syst
Event: 24.773 Thread 0x0000000019a77000 Exception <a 'java/lang/ClassNotFoundException': org/gradle/api/internal/artifacts/configurations/DefaultConfiguration$ConfigurationResolvableDependenciesCustomizer> (0x00000000df1d2938) thrown at [C:\src\AOSP-openjdk-git\hotspot\src\share\vm\classfile\sy
Event: 24.775 Thread 0x0000000019a77000 Exception <a 'java/lang/ClassNotFoundException': org/gradle/api/internal/artifacts/configurations/DefaultConfiguration$ConfigurationResolvableDependencies_DecoratedCustomizer> (0x00000000df23a240) thrown at [C:\src\AOSP-openjdk-git\hotspot\src\share\vm\cl
Event: 25.325 Thread 0x0000000019a77000 Exception <a 'java/lang/NoSuchMethodError': java.lang.Object.lambda$static$0(Lorg/gradle/api/internal/tasks/TaskDependencyResolveContext;)V> (0x00000000dfb43cd8) thrown at [C:\src\AOSP-openjdk-git\hotspot\src\share\vm\interpreter\linkResolver.cpp, line 62
Event: 26.989 Thread 0x0000000019a77000 Exception <a 'sun/nio/fs/WindowsException'> (0x00000000d5d4ceb8) thrown at [C:\src\AOSP-openjdk-git\hotspot\src\share\vm\prims\jni.cpp, line 710]
Event: 27.301 Thread 0x0000000019a77000 Exception <a 'java/lang/ClassNotFoundException': com/sun/org/glassfish/hk2/osgiresourcelocator/ServiceLoader> (0x00000000d61579a8) thrown at [C:\src\AOSP-openjdk-git\hotspot\src\share\vm\classfile\systemDictionary.cpp, line 210]
Event: 27.440 Thread 0x0000000019a77000 Exception <a 'java/lang/NullPointerException'> (0x00000000d65f10f8) thrown at [C:\src\AOSP-openjdk-git\hotspot\src\share\vm\interpreter\linkResolver.cpp, line 1287]

Events (10 events):
Event: 27.739 loading class com/sun/xml/bind/api/impl/NameUtil
Event: 27.739 loading class com/sun/xml/bind/api/impl/NameUtil done
Event: 27.741 loading class com/sun/xml/bind/api/impl/NameConverter$1
Event: 27.741 loading class com/sun/xml/bind/api/impl/NameConverter$1 done
Event: 27.741 loading class com/sun/xml/bind/api/impl/NameConverter$2
Event: 27.741 loading class com/sun/xml/bind/api/impl/NameConverter$2 done
Event: 27.743 loading class com/android/repository/impl/meta/package-info
Event: 27.743 loading class com/android/repository/impl/meta/package-info done
Event: 27.743 loading class java/lang/Package$1PackageInfoProxy
Event: 27.744 loading class java/lang/Package$1PackageInfoProxy done


Dynamic libraries:
0x00007ff643330000 - 0x00007ff643361000 	C:\Program Files\Android\Android Studio\jre\bin\java.exe
0x00007ffa6d570000 - 0x00007ffa6d765000 	C:\Windows\SYSTEM32\ntdll.dll
0x00007ffa6cc60000 - 0x00007ffa6cd1d000 	C:\Windows\System32\KERNEL32.DLL
0x00007ffa6afe0000 - 0x00007ffa6b2ad000 	C:\Windows\System32\KERNELBASE.dll
0x00007ffa6c490000 - 0x00007ffa6c53e000 	C:\Windows\System32\ADVAPI32.dll
0x00007ffa6d010000 - 0x00007ffa6d0ae000 	C:\Windows\System32\msvcrt.dll
0x00007ffa6ce60000 - 0x00007ffa6cefc000 	C:\Windows\System32\sechost.dll
0x00007ffa6c920000 - 0x00007ffa6ca45000 	C:\Windows\System32\RPCRT4.dll
0x00007ffa6be90000 - 0x00007ffa6c030000 	C:\Windows\System32\USER32.dll
0x00007ffa6afb0000 - 0x00007ffa6afd2000 	C:\Windows\System32\win32u.dll
0x00007ffa6c150000 - 0x00007ffa6c17a000 	C:\Windows\System32\GDI32.dll
0x00007ffa6b460000 - 0x00007ffa6b56b000 	C:\Windows\System32\gdi32full.dll
0x00007ffa6af10000 - 0x00007ffa6afad000 	C:\Windows\System32\msvcp_win.dll
0x00007ffa6ae10000 - 0x00007ffa6af10000 	C:\Windows\System32\ucrtbase.dll
0x00007ffa5a970000 - 0x00007ffa5ac0a000 	C:\Windows\WinSxS\amd64_microsoft.windows.common-controls_6595b64144ccf1df_6.0.19041.1110_none_60b5254171f9507e\COMCTL32.dll
0x00007ffa6c3f0000 - 0x00007ffa6c420000 	C:\Windows\System32\IMM32.DLL
0x000000005c7f0000 - 0x000000005c8c2000 	C:\Program Files\Android\Android Studio\jre\jre\bin\msvcr100.dll
0x000000005c9b0000 - 0x000000005d1fb000 	C:\Program Files\Android\Android Studio\jre\jre\bin\server\jvm.dll
0x00007ffa6be80000 - 0x00007ffa6be88000 	C:\Windows\System32\PSAPI.DLL
0x00007ffa61b80000 - 0x00007ffa61b8a000 	C:\Windows\SYSTEM32\VERSION.dll
0x00007ffa61b50000 - 0x00007ffa61b77000 	C:\Windows\SYSTEM32\WINMM.dll
0x00007ffa56250000 - 0x00007ffa56259000 	C:\Windows\SYSTEM32\WSOCK32.dll
0x00007ffa6c420000 - 0x00007ffa6c48b000 	C:\Windows\System32\WS2_32.dll
0x00007ffa52800000 - 0x00007ffa5280f000 	C:\Program Files\Android\Android Studio\jre\jre\bin\verify.dll
0x00007ffa527d0000 - 0x00007ffa527f9000 	C:\Program Files\Android\Android Studio\jre\jre\bin\java.dll
0x00007ffa51fa0000 - 0x00007ffa51fb6000 	C:\Program Files\Android\Android Studio\jre\jre\bin\zip.dll
0x00007ffa6b730000 - 0x00007ffa6be74000 	C:\Windows\System32\SHELL32.dll
0x00007ffa68aa0000 - 0x00007ffa69234000 	C:\Windows\SYSTEM32\windows.storage.dll
0x00007ffa6c5c0000 - 0x00007ffa6c914000 	C:\Windows\System32\combase.dll
0x00007ffa6a660000 - 0x00007ffa6a68c000 	C:\Windows\SYSTEM32\Wldp.dll
0x00007ffa6cf60000 - 0x00007ffa6d00d000 	C:\Windows\System32\SHCORE.dll
0x00007ffa6c560000 - 0x00007ffa6c5b5000 	C:\Windows\System32\shlwapi.dll
0x00007ffa6abc0000 - 0x00007ffa6abdf000 	C:\Windows\SYSTEM32\profapi.dll
0x00007ffa45210000 - 0x00007ffa4522a000 	C:\Program Files\Android\Android Studio\jre\jre\bin\net.dll
0x00007ffa6a370000 - 0x00007ffa6a3da000 	C:\Windows\system32\mswsock.dll
0x00007ffa451f0000 - 0x00007ffa45203000 	C:\Program Files\Android\Android Studio\jre\jre\bin\nio.dll
0x00007ffa597d0000 - 0x00007ffa597f7000 	C:\Users\LENOVO\.gradle\native\f6784746aeab05261644944871eae4fe03e0ef1612fff0a4a95f87b438bc6780\windows-amd64\native-platform.dll
0x00007ffa51f90000 - 0x00007ffa51f9d000 	C:\Program Files\Android\Android Studio\jre\jre\bin\management.dll
0x00007ffa6a560000 - 0x00007ffa6a578000 	C:\Windows\SYSTEM32\CRYPTSP.dll
0x00007ffa69cf0000 - 0x00007ffa69d24000 	C:\Windows\system32\rsaenh.dll
0x00007ffa6ade0000 - 0x00007ffa6ae07000 	C:\Windows\System32\bcrypt.dll
0x00007ffa6ab40000 - 0x00007ffa6ab6e000 	C:\Windows\SYSTEM32\USERENV.dll
0x00007ffa6b2b0000 - 0x00007ffa6b332000 	C:\Windows\System32\bcryptprimitives.dll
0x00007ffa6aa10000 - 0x00007ffa6aa1c000 	C:\Windows\SYSTEM32\CRYPTBASE.dll
0x00007ffa6a060000 - 0x00007ffa6a09b000 	C:\Windows\SYSTEM32\IPHLPAPI.DLL
0x00007ffa6c550000 - 0x00007ffa6c558000 	C:\Windows\System32\NSI.dll
0x00007ffa5f180000 - 0x00007ffa5f197000 	C:\Windows\SYSTEM32\dhcpcsvc6.DLL
0x00007ffa5f3a0000 - 0x00007ffa5f3bd000 	C:\Windows\SYSTEM32\dhcpcsvc.DLL
0x00007ffa6a0a0000 - 0x00007ffa6a16b000 	C:\Windows\SYSTEM32\DNSAPI.dll
0x00007ffa62da0000 - 0x00007ffa62dab000 	C:\Windows\SYSTEM32\WINNSI.DLL

VM Arguments:
jvm_args: -Xmx2048m -Dfile.encoding=UTF-8 -Duser.country=US -Duser.language=en -Duser.variant 
java_command: org.gradle.launcher.daemon.bootstrap.GradleDaemon 6.5
java_class_path (initial): C:\Users\LENOVO\.gradle\wrapper\dists\gradle-6.5-all\2oz4ud9k3tuxjg84bbf55q0tn\gradle-6.5\lib\gradle-launcher-6.5.jar
Launcher Type: SUN_STANDARD

Environment Variables:
PATH=C:\ProgramData\Oracle\Java\javapath;C:\Windows\system32;C:\Windows;C:\Windows\System32\Wbem;C:\Windows\System32\WindowsPowerShell\v1.0\;C:\Windows\System32\OpenSSH\;C:\Users\LENOVO\AppData\Local\Microsoft\WindowsApps;
USERNAME=LENOVO
OS=Windows_NT
PROCESSOR_IDENTIFIER=AMD64 Family 21 Model 112 Stepping 0, AuthenticAMD



---------------  S Y S T E M  ---------------

OS: Windows 10.0 , 64 bit Build 19041 (10.0.19041.1706)

CPU:total 2 (initial active 2) (2 cores per cpu, 1 threads per core) family 21 model 112 stepping 0, cmov, cx8, fxsr, mmx, sse, sse2, sse3, ssse3, sse4.1, sse4.2, popcnt, avx, avx2, aes, clmul, mmxext, 3dnowpref, lzcnt, sse4a, tsc, tscinvbit, tscinv, bmi1

Memory: 4k page, physical 3555228k(344368k free), swap 14565276k(4792k free)

vm_info: OpenJDK 64-Bit Server VM (25.242-b01) for windows-amd64 JRE (1.8.0_242-release-1644-b01), built by "builder" with MS VC++ 10.0 (VS2010)

time: Sat Jun 04 09:21:52 2022
timezone: Malay Peninsula Standard Time
elapsed time: 27 seconds (0d 0h 0m 27s)

